SF:lib/src/models/genre_model.dart
DA:4,4
DA:12,2
DA:13,1
DA:14,1
DA:17,4
DA:18,2
DA:19,2
DA:22,1
DA:23,3
LF:9
LH:9
end_of_record
SF:lib/src/models/season_model.dart
DA:4,4
DA:22,2
DA:23,2
DA:24,2
DA:25,2
DA:26,2
DA:27,2
DA:28,2
DA:29,2
DA:30,2
DA:34,1
DA:35,1
DA:36,2
DA:37,1
DA:38,1
DA:39,1
DA:40,1
DA:42,2
DA:43,1
DA:47,1
DA:49,1
DA:50,1
DA:51,1
DA:52,1
DA:53,1
DA:54,1
DA:55,1
DA:56,1
LF:28
LH:28
end_of_record
SF:lib/src/models/tv_series_model.dart
DA:4,4
DA:34,2
DA:35,2
DA:36,2
DA:37,2
DA:38,2
DA:39,2
DA:40,2
DA:41,2
DA:42,2
DA:43,2
DA:44,2
DA:45,2
DA:46,2
DA:47,2
DA:48,2
DA:52,2
DA:53,2
DA:54,2
DA:55,2
DA:57,2
DA:58,2
DA:60,4
DA:61,2
DA:62,2
DA:63,2
DA:64,4
DA:66,2
DA:67,2
DA:68,2
DA:69,2
DA:71,4
DA:72,2
DA:73,2
DA:77,2
DA:78,2
DA:79,2
DA:80,2
DA:81,2
DA:82,2
DA:83,2
DA:84,2
DA:85,2
DA:86,2
DA:87,2
DA:88,2
DA:89,2
DA:90,2
DA:91,2
LF:49
LH:49
end_of_record
SF:lib/src/models/tv_series_response.dart
DA:6,2
DA:12,1
DA:13,1
DA:14,5
DA:18,2
DA:19,2
DA:20,4
DA:21,6
DA:22,6
DA:25,1
DA:26,2
LF:11
LH:11
end_of_record
SF:lib/src/models/tv_series_detail_model.dart
DA:6,3
DA:38,1
DA:39,1
DA:40,1
DA:41,1
DA:42,5
DA:43,5
DA:44,1
DA:45,1
DA:46,1
DA:47,1
DA:48,1
DA:49,1
DA:50,1
DA:51,1
DA:52,1
DA:53,1
DA:57,1
DA:58,1
DA:59,1
DA:60,1
DA:62,1
DA:63,1
DA:65,1
DA:66,2
DA:67,2
DA:70,1
DA:71,2
DA:72,2
DA:75,1
DA:76,1
DA:77,1
DA:78,2
DA:80,1
DA:81,1
DA:82,1
DA:83,1
DA:85,2
DA:86,1
DA:87,1
DA:91,1
DA:93,1
DA:94,1
DA:95,1
DA:96,1
DA:97,1
DA:98,1
DA:99,1
DA:100,1
DA:101,1
DA:102,1
DA:103,1
DA:104,1
DA:105,1
DA:106,1
DA:107,1
LF:56
LH:56
end_of_record
SF:lib/src/mapper/entity_to_table.dart
DA:5,2
DA:6,1
DA:7,1
DA:8,1
DA:9,1
LF:5
LH:5
end_of_record
SF:lib/src/mapper/model_to_entity.dart
DA:6,2
DA:7,1
DA:8,1
DA:9,1
DA:10,1
DA:11,1
DA:12,1
DA:13,1
DA:14,1
DA:15,1
DA:16,2
DA:17,1
DA:18,2
DA:19,1
DA:24,2
DA:25,1
DA:26,1
DA:27,1
DA:28,5
DA:29,5
DA:30,1
DA:31,1
DA:32,1
DA:33,1
DA:34,1
DA:35,1
DA:36,1
DA:37,1
DA:38,1
DA:43,2
DA:44,1
DA:45,1
DA:50,4
DA:51,2
DA:52,2
DA:53,2
DA:54,2
DA:55,2
DA:56,2
DA:57,2
LF:40
LH:40
end_of_record
SF:lib/src/mapper/table_to_entity.dart
DA:5,2
DA:6,1
DA:7,1
DA:8,1
DA:9,1
LF:5
LH:5
end_of_record
SF:lib/src/datasource/tv_series_local_data_source.dart
DA:14,1
DA:18,1
DA:21,2
DA:24,2
DA:28,1
DA:30,2
DA:32,1
DA:38,1
DA:40,2
DA:41,4
DA:44,1
DA:47,2
DA:50,2
LF:13
LH:13
end_of_record
SF:lib/src/datasource/tv_series_remote_data_source.dart
DA:23,1
DA:28,1
DA:31,4
DA:33,2
DA:34,4
DA:36,1
DA:40,1
DA:42,4
DA:44,2
DA:45,4
DA:47,1
DA:51,1
DA:54,4
DA:56,2
DA:57,4
DA:59,1
DA:63,1
DA:66,4
DA:68,2
DA:69,3
DA:71,1
DA:75,1
DA:78,4
DA:80,2
DA:81,4
DA:83,1
DA:87,1
DA:90,4
DA:92,2
DA:93,4
DA:95,1
LF:31
LH:31
end_of_record
SF:lib/src/repositories/tv_series_repository_impl.dart
DA:15,1
DA:20,1
DA:23,2
DA:24,5
DA:25,1
DA:27,1
DA:32,1
DA:35,2
DA:36,5
DA:37,1
DA:39,1
DA:44,1
DA:47,2
DA:48,5
DA:49,1
DA:51,1
DA:56,1
DA:59,2
DA:60,2
DA:61,1
DA:63,1
DA:68,1
DA:72,2
DA:73,5
DA:74,1
DA:76,1
DA:81,1
DA:84,2
DA:85,5
DA:86,1
DA:88,1
DA:93,1
DA:95,2
DA:96,5
DA:99,1
DA:101,2
DA:105,1
DA:110,3
DA:111,1
DA:112,1
DA:113,3
DA:117,1
DA:121,3
DA:122,1
DA:123,1
DA:124,3
LF:46
LH:46
end_of_record
