SF:lib/src/cubit/watchlist_movie_state.dart
DA:4,7
DA:8,5
DA:10,1
DA:11,1
DA:17,2
DA:21,1
DA:22,2
DA:28,3
DA:32,1
DA:33,2
LF:10
LH:10
end_of_record
SF:lib/src/cubit/watchlist_movie_cubit.dart
DA:10,1
DA:12,1
DA:14,1
DA:15,2
DA:16,1
DA:17,1
DA:18,1
DA:19,2
DA:22,1
DA:23,1
DA:24,1
LF:11
LH:11
end_of_record
SF:lib/src/cubit/watchlist_tv_series_cubit.dart
DA:10,1
DA:12,1
DA:14,1
DA:15,2
DA:16,1
DA:17,1
DA:18,1
DA:19,2
DA:22,1
DA:23,1
DA:24,1
LF:11
LH:11
end_of_record
SF:lib/src/cubit/watchlist_tv_series_state.dart
DA:4,7
DA:8,5
DA:10,1
DA:11,1
DA:17,2
DA:21,1
DA:22,2
DA:28,3
DA:32,1
DA:33,2
LF:10
LH:10
end_of_record
SF:lib/src/page/watchlist_page.dart
DA:12,1
DA:14,1
DA:15,1
DA:19,1
DA:20,2
DA:21,1
DA:22,2
DA:25,1
DA:27,1
DA:28,2
DA:29,2
DA:32,1
DA:34,1
DA:35,4
DA:38,0
DA:40,0
DA:41,0
DA:44,1
DA:46,1
DA:47,1
DA:50,1
DA:52,1
DA:54,1
DA:55,1
DA:57,1
DA:58,1
DA:61,2
DA:62,1
DA:63,2
DA:64,1
DA:68,1
DA:71,2
DA:72,1
DA:73,2
DA:74,1
DA:81,1
DA:82,2
DA:92,1
DA:94,2
DA:95,1
DA:100,3
DA:102,1
DA:104,1
DA:105,1
DA:106,1
DA:107,1
DA:109,1
DA:111,1
DA:112,2
DA:122,3
DA:124,1
DA:126,1
DA:127,1
DA:128,1
DA:129,1
DA:131,1
DA:133,1
DA:134,2
LF:58
LH:55
end_of_record
