SF:lib/src/cubit/watchlist_movie_state.dart
DA:4,7
DA:8,5
DA:10,1
DA:11,1
DA:17,2
DA:21,1
DA:22,2
DA:28,3
DA:32,1
DA:33,2
LF:10
LH:10
end_of_record
SF:lib/src/cubit/watchlist_movie_cubit.dart
DA:10,1
DA:12,1
DA:14,1
DA:15,2
DA:16,1
DA:17,1
DA:18,1
DA:19,2
DA:22,1
DA:23,1
DA:24,1
LF:11
LH:11
end_of_record
SF:lib/src/cubit/watchlist_tv_series_cubit.dart
DA:10,1
DA:12,1
DA:14,1
DA:15,2
DA:16,1
DA:17,1
DA:18,1
DA:19,2
DA:22,1
DA:23,1
DA:24,1
LF:11
LH:11
end_of_record
SF:lib/src/cubit/watchlist_tv_series_state.dart
DA:4,7
DA:8,5
DA:10,1
DA:11,1
DA:17,2
DA:21,1
DA:22,2
DA:28,3
DA:32,1
DA:33,2
LF:10
LH:10
end_of_record
SF:lib/src/page/watchlist_page.dart
DA:13,1
DA:15,1
DA:16,1
DA:20,1
DA:21,2
DA:22,1
DA:23,2
DA:26,1
DA:28,1
DA:29,2
DA:30,2
DA:33,1
DA:35,1
DA:36,4
DA:39,0
DA:41,0
DA:42,0
DA:45,1
DA:47,1
DA:48,1
DA:51,1
DA:53,1
DA:55,1
DA:56,1
DA:58,1
DA:59,1
DA:62,2
DA:63,1
DA:64,2
DA:65,1
DA:69,1
DA:72,2
DA:73,1
DA:74,2
DA:75,1
DA:82,1
DA:83,2
DA:93,1
DA:95,2
DA:96,1
DA:101,3
DA:103,1
DA:105,1
DA:106,1
DA:107,1
DA:108,1
DA:110,1
DA:112,1
DA:113,2
DA:123,3
DA:125,1
DA:127,1
DA:128,1
DA:129,1
DA:130,1
DA:132,1
DA:134,1
DA:135,2
LF:58
LH:55
end_of_record
