SF:lib/src/cubit/popular_movie_state.dart
DA:4,12
DA:8,9
DA:10,1
DA:11,1
DA:17,3
DA:21,1
DA:22,2
DA:28,4
DA:32,1
DA:33,2
LF:10
LH:10
end_of_record
SF:lib/src/cubit/popular_movie_cubit.dart
DA:10,1
DA:12,1
DA:14,1
DA:15,2
DA:16,1
DA:17,1
DA:18,1
DA:19,2
DA:22,1
DA:23,1
DA:24,1
LF:11
LH:11
end_of_record
SF:lib/src/cubit/now_playing_movie_state.dart
DA:4,10
DA:8,8
DA:10,1
DA:11,1
DA:17,2
DA:21,1
DA:22,2
DA:28,3
DA:32,1
DA:33,2
LF:10
LH:10
end_of_record
SF:lib/src/cubit/now_playing_movie_cubit.dart
DA:10,1
DA:12,1
DA:14,1
DA:15,2
DA:16,1
DA:17,1
DA:18,1
DA:19,2
DA:22,1
DA:23,1
DA:24,1
LF:11
LH:11
end_of_record
SF:lib/src/cubit/top_rated_movie_state.dart
DA:4,12
DA:8,9
DA:10,1
DA:11,1
DA:17,3
DA:21,1
DA:22,2
DA:28,4
DA:32,1
DA:33,2
LF:10
LH:10
end_of_record
SF:lib/src/cubit/top_rated_movie_cubit.dart
DA:10,1
DA:12,1
DA:14,1
DA:15,2
DA:16,1
DA:17,1
DA:18,1
DA:19,2
DA:22,1
DA:23,1
DA:24,1
LF:11
LH:11
end_of_record
SF:lib/src/page/movie_list_page.dart
DA:14,1
DA:16,1
DA:17,1
DA:21,1
DA:22,2
DA:23,3
DA:24,3
DA:26,1
DA:28,1
DA:29,2
DA:30,2
DA:31,2
DA:34,1
DA:36,1
DA:37,1
DA:39,1
DA:40,1
DA:42,1
DA:43,1
DA:45,1
DA:47,1
DA:48,1
DA:49,1
DA:50,2
DA:51,1
DA:52,2
DA:58,1
DA:60,0
DA:61,0
DA:64,1
DA:65,1
DA:66,1
DA:67,2
DA:68,1
DA:69,2
DA:75,1
DA:77,0
DA:78,0
DA:81,1
DA:82,1
DA:83,1
DA:84,2
DA:85,1
DA:86,2
DA:103,1
DA:106,1
DA:108,1
DA:110,1
DA:112,1
DA:114,1
DA:115,2
DA:116,1
DA:118,1
DA:119,1
DA:120,0
DA:121,0
DA:124,0
DA:130,2
LF:58
LH:51
end_of_record
SF:lib/src/page/popular_movies_page.dart
DA:10,1
DA:12,1
DA:13,1
DA:17,1
DA:19,1
DA:20,1
DA:23,1
DA:25,1
DA:26,1
DA:27,1
DA:28,2
DA:29,1
DA:30,2
LF:13
LH:13
end_of_record
SF:lib/src/page/top_rated_movies_page.dart
DA:10,1
DA:12,1
DA:13,1
DA:17,1
DA:19,1
DA:20,1
DA:23,1
DA:25,1
DA:26,1
DA:27,1
DA:28,2
DA:29,1
DA:30,2
LF:13
LH:13
end_of_record
