SF:lib/src/cubit/popular_tv_series_state.dart
DA:4,13
DA:8,10
DA:10,1
DA:11,1
DA:17,3
DA:19,1
DA:20,2
DA:26,4
DA:28,1
DA:29,2
LF:10
LH:10
end_of_record
SF:lib/src/cubit/popular_tv_series_cubit.dart
DA:11,1
DA:13,1
DA:15,1
DA:16,2
DA:17,1
DA:18,1
DA:19,1
DA:20,2
DA:23,1
DA:24,1
DA:25,1
LF:11
LH:11
end_of_record
SF:lib/src/cubit/now_playing_tv_series_cubit.dart
DA:10,1
DA:12,1
DA:14,1
DA:15,2
DA:16,1
DA:17,1
DA:18,1
DA:19,2
DA:22,1
DA:23,1
DA:24,1
LF:11
LH:11
end_of_record
SF:lib/src/cubit/now_playing_tv_series_state.dart
DA:4,13
DA:8,10
DA:10,1
DA:11,1
DA:17,3
DA:19,1
DA:20,2
DA:26,4
DA:28,1
DA:29,2
LF:10
LH:10
end_of_record
SF:lib/src/cubit/top_rated_tv_series_state.dart
DA:4,13
DA:8,10
DA:10,1
DA:11,1
DA:17,3
DA:19,1
DA:20,2
DA:26,4
DA:28,1
DA:29,2
LF:10
LH:10
end_of_record
SF:lib/src/cubit/top_rated_tv_series_cubit.dart
DA:10,1
DA:12,1
DA:14,1
DA:15,2
DA:16,1
DA:17,1
DA:18,1
DA:19,2
DA:22,1
DA:23,1
DA:24,1
LF:11
LH:11
end_of_record
SF:lib/src/page/now_playing_tv_series_page.dart
DA:10,1
DA:12,1
DA:13,1
DA:17,1
DA:19,1
DA:20,1
DA:23,1
DA:25,1
DA:26,1
DA:27,1
DA:28,2
DA:29,1
DA:30,2
LF:13
LH:13
end_of_record
SF:lib/src/page/popular_tv_series_page.dart
DA:10,1
DA:12,1
DA:13,1
DA:17,1
DA:19,1
DA:20,1
DA:23,1
DA:25,1
DA:26,1
DA:27,1
DA:29,1
DA:30,2
DA:31,1
DA:32,2
LF:14
LH:14
end_of_record
SF:lib/src/page/top_reated_tv_series_page.dart
DA:10,1
DA:12,1
DA:13,1
DA:17,1
DA:19,1
DA:20,1
DA:23,1
DA:25,1
DA:26,1
DA:27,1
DA:28,2
DA:29,1
DA:30,2
LF:13
LH:13
end_of_record
SF:lib/src/page/tv_series_list_page.dart
DA:16,1
DA:18,1
DA:19,1
DA:23,1
DA:24,2
DA:25,1
DA:26,2
DA:27,1
DA:28,2
DA:30,1
DA:32,1
DA:33,2
DA:34,2
DA:35,2
DA:38,1
DA:40,1
DA:41,1
DA:43,1
DA:44,1
DA:46,1
DA:47,1
DA:49,0
DA:50,0
DA:54,1
DA:55,1
DA:56,1
DA:57,2
DA:58,1
DA:59,2
DA:65,1
DA:67,0
DA:68,0
DA:71,1
DA:72,1
DA:73,1
DA:74,2
DA:75,1
DA:76,1
DA:77,1
DA:84,1
DA:86,0
DA:87,0
DA:90,1
DA:91,1
DA:92,1
DA:93,2
DA:94,1
DA:95,2
DA:112,1
DA:115,1
DA:117,1
DA:119,1
DA:121,1
DA:123,2
DA:124,1
DA:125,2
DA:126,1
DA:128,1
DA:129,1
DA:130,0
DA:131,0
DA:134,0
LF:62
LH:53
end_of_record
