SF:lib/src/entities/genre.dart
DA:4,9
DA:12,0
DA:13,0
LF:3
LH:1
end_of_record
SF:lib/src/entities/season.dart
DA:4,9
DA:22,0
DA:24,0
DA:25,0
DA:26,0
DA:27,0
DA:28,0
DA:29,0
DA:30,0
DA:31,0
LF:10
LH:1
end_of_record
SF:lib/src/entities/tv_series.dart
DA:4,9
DA:20,0
DA:25,0
DA:55,0
DA:56,0
DA:57,0
DA:58,0
DA:59,0
DA:60,0
DA:61,0
DA:62,0
DA:63,0
DA:64,0
DA:65,0
DA:66,0
DA:67,0
DA:68,0
DA:69,0
LF:18
LH:1
end_of_record
SF:lib/src/entities/tv_series_detail.dart
DA:7,9
DA:39,0
DA:40,0
DA:41,0
DA:42,0
DA:43,0
DA:44,0
DA:45,0
DA:46,0
DA:47,0
DA:48,0
DA:49,0
DA:50,0
DA:51,0
DA:52,0
DA:53,0
LF:16
LH:1
end_of_record
SF:lib/src/usecase/get_detail_tv_series.dart
DA:10,1
DA:12,1
DA:13,2
LF:3
LH:3
end_of_record
SF:lib/src/usecase/get_now_playing_tv_series.dart
DA:10,1
DA:12,1
DA:13,2
LF:3
LH:3
end_of_record
SF:lib/src/usecase/get_popular_tv_series.dart
DA:10,1
DA:12,1
DA:13,2
LF:3
LH:3
end_of_record
SF:lib/src/usecase/get_top_rated_tv_series.dart
DA:10,1
DA:12,1
DA:13,2
LF:3
LH:3
end_of_record
SF:lib/src/usecase/get_tv_series_recommendations.dart
DA:10,1
DA:12,1
DA:13,2
LF:3
LH:3
end_of_record
SF:lib/src/usecase/get_watchlist_status.dart
DA:6,1
DA:8,1
DA:9,2
LF:3
LH:3
end_of_record
SF:lib/src/usecase/get_watchlist_tv_series.dart
DA:10,1
DA:12,1
DA:13,2
LF:3
LH:3
end_of_record
SF:lib/src/usecase/remove_watchlist_tv_series.dart
DA:10,1
DA:12,1
DA:13,2
LF:3
LH:3
end_of_record
SF:lib/src/usecase/save_watchlist_tv_series.dart
DA:10,1
DA:12,1
DA:13,2
LF:3
LH:3
end_of_record
SF:lib/src/usecase/search_tv_series.dart
DA:10,1
DA:12,1
DA:13,2
LF:3
LH:3
end_of_record
