SF:lib/src/models/genre_model.dart
DA:4,4
DA:12,2
DA:13,1
DA:14,1
DA:17,4
DA:18,2
DA:19,2
DA:22,1
DA:23,3
LF:9
LH:9
end_of_record
SF:lib/src/models/movie_detail_model.dart
DA:6,3
DA:52,1
DA:53,1
DA:54,1
DA:55,1
DA:56,1
DA:57,1
DA:58,4
DA:59,1
DA:60,1
DA:61,1
DA:62,1
DA:63,1
DA:64,1
DA:65,2
DA:66,1
DA:67,1
DA:68,1
DA:69,1
DA:70,1
DA:71,1
DA:72,1
DA:73,1
DA:74,2
DA:75,1
DA:78,2
DA:79,1
DA:80,1
DA:81,1
DA:82,5
DA:83,1
DA:84,1
DA:85,1
DA:86,1
DA:87,1
DA:88,1
DA:89,1
DA:90,1
DA:91,1
DA:92,1
DA:93,1
DA:94,1
DA:95,1
DA:96,1
DA:97,1
DA:98,1
DA:99,1
DA:102,1
DA:103,1
DA:104,1
DA:105,1
DA:106,1
DA:107,1
DA:108,1
DA:109,1
DA:110,1
DA:111,1
DA:112,1
DA:113,1
DA:114,1
DA:115,1
DA:116,1
DA:117,1
DA:118,1
DA:119,1
DA:120,1
DA:121,1
DA:122,1
DA:123,1
DA:124,1
LF:70
LH:70
end_of_record
SF:lib/src/models/movie_model.dart
DA:4,5
DA:34,4
DA:35,2
DA:36,2
DA:37,8
DA:38,2
DA:39,2
DA:40,2
DA:41,4
DA:42,2
DA:43,2
DA:44,2
DA:45,2
DA:46,4
DA:47,2
DA:50,2
DA:51,1
DA:52,1
DA:53,4
DA:54,1
DA:55,1
DA:56,1
DA:57,1
DA:58,1
DA:59,1
DA:60,1
DA:61,1
DA:62,1
DA:63,1
DA:66,2
DA:67,2
DA:68,2
DA:69,2
DA:70,2
DA:71,2
DA:72,2
DA:73,2
DA:74,2
DA:75,2
DA:76,2
DA:77,2
DA:78,2
DA:79,2
DA:80,2
LF:44
LH:44
end_of_record
SF:lib/src/models/movie_response.dart
DA:8,3
DA:10,4
DA:11,4
DA:12,6
DA:13,6
DA:16,2
DA:17,5
DA:20,1
DA:21,2
LF:9
LH:9
end_of_record
SF:lib/src/mapper/entity_to_table.dart
DA:5,2
DA:6,1
DA:7,1
DA:8,1
DA:9,1
LF:5
LH:5
end_of_record
SF:lib/src/mapper/table_to_entity.dart
DA:5,2
DA:6,1
DA:7,1
DA:8,1
DA:9,1
LF:5
LH:5
end_of_record
SF:lib/src/mapper/model_to_entity.dart
DA:6,4
DA:7,2
DA:8,2
DA:9,2
DA:10,2
DA:11,2
DA:12,2
DA:13,2
DA:14,2
DA:15,2
DA:16,2
DA:17,2
DA:18,2
DA:19,2
DA:24,2
DA:25,1
DA:26,1
DA:27,5
DA:28,1
DA:29,1
DA:30,1
DA:31,1
DA:32,1
DA:33,1
DA:34,1
DA:35,1
DA:36,1
DA:41,2
DA:42,1
DA:43,1
LF:30
LH:30
end_of_record
SF:lib/src/datasource/movie_local_data_source.dart
DA:14,1
DA:16,1
DA:19,2
DA:22,2
DA:26,1
DA:29,2
DA:32,2
DA:36,1
DA:38,2
DA:40,1
DA:46,1
DA:48,2
DA:49,4
LF:13
LH:13
end_of_record
SF:lib/src/datasource/movie_remote_data_source.dart
DA:24,1
DA:29,1
DA:32,4
DA:34,2
DA:35,4
DA:37,1
DA:41,1
DA:43,4
DA:45,2
DA:46,3
DA:48,1
DA:52,1
DA:55,4
DA:57,2
DA:58,4
DA:60,1
DA:64,1
DA:66,4
DA:68,2
DA:69,4
DA:71,1
DA:75,1
DA:77,4
DA:79,2
DA:80,4
DA:82,1
DA:86,1
DA:88,4
DA:90,2
DA:91,4
DA:93,1
LF:31
LH:31
end_of_record
SF:lib/src/repositories/movie_repository_impl.dart
DA:14,1
DA:19,1
DA:22,2
DA:23,5
DA:24,1
DA:26,1
DA:31,1
DA:34,2
DA:35,2
DA:36,1
DA:38,1
DA:43,1
DA:46,2
DA:47,3
DA:48,1
DA:50,1
DA:55,1
DA:58,2
DA:59,5
DA:60,1
DA:62,1
DA:67,1
DA:70,2
DA:71,5
DA:72,1
DA:74,1
DA:79,1
DA:82,2
DA:83,5
DA:84,1
DA:86,1
DA:91,1
DA:94,3
DA:95,1
DA:96,1
DA:97,3
DA:103,1
DA:106,3
DA:107,1
DA:108,1
DA:109,3
DA:113,1
DA:115,2
DA:119,1
DA:121,2
DA:122,5
LF:46
LH:46
end_of_record
