SF:lib/src/bloc/search_movie_event.dart
DA:4,2
DA:10,2
DA:14,0
DA:15,0
LF:4
LH:2
end_of_record
SF:lib/src/bloc/search_movie_bloc.dart
DA:13,1
DA:15,1
DA:16,1
DA:17,1
DA:18,1
DA:19,1
DA:23,2
DA:24,1
DA:25,1
DA:26,1
DA:27,2
DA:30,1
DA:31,1
DA:32,1
DA:33,1
DA:36,1
DA:43,1
DA:44,1
DA:47,1
DA:48,1
LF:20
LH:20
end_of_record
SF:lib/src/bloc/search_movie_state.dart
DA:4,7
DA:8,4
DA:10,1
DA:11,1
DA:15,5
DA:17,1
DA:18,1
DA:24,2
DA:28,1
DA:29,2
DA:33,5
DA:35,1
DA:36,1
DA:42,3
DA:46,1
DA:47,2
LF:16
LH:16
end_of_record
SF:lib/src/bloc/search_tv_series_state.dart
DA:4,7
DA:8,4
DA:10,1
DA:11,1
DA:15,5
DA:17,1
DA:18,1
DA:24,2
DA:28,1
DA:29,2
DA:33,5
DA:35,1
DA:36,1
DA:42,3
DA:46,1
DA:47,2
LF:16
LH:16
end_of_record
SF:lib/src/bloc/search_tv_series_event.dart
DA:4,2
DA:10,2
DA:14,0
DA:15,0
LF:4
LH:2
end_of_record
SF:lib/src/bloc/search_tv_series_bloc.dart
DA:14,1
DA:16,1
DA:17,1
DA:18,1
DA:19,1
DA:20,1
DA:24,2
DA:25,1
DA:26,1
DA:27,1
DA:28,2
DA:31,1
DA:32,1
DA:33,1
DA:34,1
DA:37,1
DA:44,1
DA:45,1
DA:49,1
DA:50,1
LF:20
LH:20
end_of_record
SF:lib/src/page/search_page.dart
DA:12,1
DA:14,1
DA:15,1
DA:21,3
DA:22,1
DA:23,2
DA:27,1
DA:29,1
DA:30,3
DA:31,2
DA:32,3
DA:34,2
DA:35,3
DA:40,1
DA:42,1
DA:43,1
DA:46,1
DA:48,1
DA:50,1
DA:51,1
DA:53,1
DA:62,1
DA:64,1
DA:66,1
DA:68,1
DA:69,1
DA:72,2
DA:73,1
DA:74,2
DA:75,1
DA:79,1
DA:82,2
DA:83,1
DA:84,2
DA:85,1
DA:91,1
DA:92,2
DA:104,3
DA:106,1
DA:108,1
DA:109,1
DA:110,1
DA:112,1
DA:113,2
DA:114,1
DA:116,1
DA:117,2
DA:119,0
DA:127,3
DA:129,1
DA:131,1
DA:132,1
DA:133,1
DA:135,1
DA:136,2
DA:137,1
DA:139,1
DA:140,2
DA:142,0
LF:59
LH:57
end_of_record
