SF:lib/src/cubit/movie_detail_state.dart
DA:9,7
DA:16,1
DA:22,1
DA:23,1
DA:24,1
DA:25,1
DA:26,1
DA:30,1
DA:31,1
DA:32,1
DA:33,1
DA:34,1
DA:35,1
DA:40,3
DA:46,3
DA:48,1
DA:49,2
DA:55,3
DA:57,1
DA:58,2
LF:20
LH:20
end_of_record
SF:lib/src/cubit/movie_detail_cubit.dart
DA:13,1
DA:18,1
DA:20,1
DA:21,1
DA:22,2
DA:23,1
DA:24,1
DA:25,1
DA:26,3
DA:29,1
DA:30,1
DA:31,2
DA:37,1
DA:38,2
DA:39,1
DA:40,2
DA:44,1
DA:45,2
DA:46,1
DA:47,1
DA:48,3
DA:49,2
DA:52,1
DA:53,3
DA:54,1
DA:59,2
DA:62,1
DA:63,2
DA:64,1
DA:65,1
DA:66,3
DA:67,2
DA:70,1
DA:71,3
DA:72,1
DA:77,2
LF:36
LH:36
end_of_record
SF:lib/src/cubit/movie_recommendations_state.dart
DA:4,7
DA:8,5
DA:10,1
DA:11,1
DA:17,2
DA:21,1
DA:22,2
DA:28,3
DA:32,1
DA:33,2
LF:10
LH:10
end_of_record
SF:lib/src/cubit/movie_recommendations_cubit.dart
DA:11,1
DA:13,1
DA:15,1
DA:16,2
DA:17,1
DA:18,1
DA:19,1
DA:20,2
DA:23,1
DA:24,1
DA:25,1
LF:11
LH:11
end_of_record
SF:lib/src/page/movie_detail_page.dart
DA:15,1
DA:17,1
DA:18,1
DA:22,3
DA:23,1
DA:24,2
DA:26,1
DA:28,1
DA:29,1
DA:30,3
DA:31,3
DA:34,1
DA:36,1
DA:37,1
DA:38,1
DA:39,1
DA:41,1
DA:42,1
DA:43,1
DA:44,1
DA:45,3
DA:47,1
DA:48,1
DA:50,1
DA:51,1
DA:52,2
DA:59,1
DA:60,1
DA:61,1
DA:62,3
DA:63,1
DA:65,1
DA:66,1
DA:68,1
DA:69,1
DA:70,1
DA:87,1
DA:92,1
DA:94,1
DA:96,3
DA:97,1
DA:98,1
DA:99,1
DA:100,3
DA:102,1
DA:105,0
DA:107,1
DA:109,1
DA:110,1
DA:111,1
DA:121,1
DA:122,1
DA:123,1
DA:125,1
DA:127,1
DA:129,1
DA:130,1
DA:131,2
DA:132,1
DA:134,1
DA:135,1
DA:136,1
DA:137,3
DA:139,3
DA:142,1
DA:144,1
DA:145,3
DA:152,1
DA:153,3
DA:155,1
DA:156,3
DA:158,1
DA:159,1
DA:160,1
DA:161,3
DA:163,1
DA:169,4
DA:173,1
DA:175,1
DA:177,1
DA:178,2
DA:181,1
DA:183,1
DA:190,1
DA:192,1
DA:207,1
DA:209,1
DA:212,1
DA:214,0
DA:215,0
DA:224,1
DA:226,2
DA:227,3
DA:230,1
DA:234,3
DA:237,1
DA:238,1
DA:239,1
DA:241,1
DA:242,1
DA:244,0
DA:250,3
DA:252,0
DA:254,1
DA:256,1
DA:257,1
DA:258,1
DA:259,1
DA:260,1
DA:263,1
DA:264,1
DA:265,1
DA:267,1
DA:269,1
DA:270,1
DA:271,1
DA:272,1
DA:274,1
DA:275,1
DA:276,0
DA:277,0
DA:280,0
LF:122
LH:114
end_of_record
