SF:lib/src/cubit/tv_series_detail_cubit.dart
DA:13,1
DA:18,1
DA:20,1
DA:21,1
DA:22,2
DA:23,1
DA:24,1
DA:25,1
DA:26,3
DA:29,1
DA:30,1
DA:31,2
DA:37,1
DA:38,2
DA:39,1
DA:40,2
DA:44,1
DA:45,2
DA:46,1
DA:47,1
DA:48,1
DA:49,2
DA:50,2
DA:53,1
DA:54,1
DA:55,2
DA:56,1
DA:61,2
DA:64,1
DA:65,2
DA:66,1
DA:67,1
DA:68,1
DA:69,2
DA:70,2
DA:73,1
DA:74,1
DA:75,2
DA:76,1
DA:81,2
LF:40
LH:40
end_of_record
SF:lib/src/cubit/tv_series_detail_state.dart
DA:9,6
DA:16,1
DA:22,1
DA:23,1
DA:24,1
DA:25,1
DA:26,1
DA:30,1
DA:31,1
DA:32,1
DA:33,1
DA:34,1
DA:35,1
DA:40,3
DA:46,3
DA:48,1
DA:49,2
DA:55,3
DA:57,1
DA:58,2
LF:20
LH:20
end_of_record
SF:lib/src/cubit/tv_series_recommendations_state.dart
DA:4,7
DA:8,5
DA:10,1
DA:11,1
DA:17,2
DA:21,1
DA:22,2
DA:28,3
DA:32,1
DA:33,2
LF:10
LH:10
end_of_record
SF:lib/src/cubit/tv_series_recommendations_cubit.dart
DA:10,1
DA:12,1
DA:14,1
DA:15,2
DA:16,1
DA:17,1
DA:18,1
DA:19,2
DA:22,1
DA:23,1
DA:24,1
LF:11
LH:11
end_of_record
SF:lib/src/page/tv_series_detail_page.dart
DA:16,1
DA:18,1
DA:19,1
DA:23,3
DA:24,1
DA:25,2
DA:27,1
DA:29,1
DA:30,1
DA:31,3
DA:32,3
DA:35,1
DA:37,1
DA:38,1
DA:39,1
DA:40,1
DA:42,1
DA:43,1
DA:44,1
DA:45,2
DA:46,2
DA:48,1
DA:49,1
DA:51,1
DA:52,1
DA:53,2
DA:60,1
DA:61,1
DA:62,1
DA:63,3
DA:64,1
DA:65,1
DA:67,1
DA:69,1
DA:70,1
DA:71,1
DA:88,1
DA:93,1
DA:95,1
DA:97,3
DA:98,1
DA:99,1
DA:100,1
DA:101,3
DA:103,1
DA:106,0
DA:108,1
DA:110,1
DA:111,1
DA:112,1
DA:122,1
DA:123,1
DA:124,1
DA:126,1
DA:128,1
DA:130,1
DA:131,1
DA:132,2
DA:133,1
DA:135,1
DA:136,1
DA:137,1
DA:138,3
DA:140,3
DA:143,1
DA:145,1
DA:146,1
DA:153,1
DA:154,3
DA:156,1
DA:157,1
DA:158,1
DA:159,3
DA:161,1
DA:167,4
DA:171,1
DA:173,1
DA:175,1
DA:176,2
DA:181,1
DA:183,1
DA:185,3
DA:187,1
DA:189,1
DA:191,1
DA:196,1
DA:198,1
DA:213,1
DA:215,1
DA:218,1
DA:220,0
DA:221,0
DA:230,1
DA:232,2
DA:233,3
DA:236,1
DA:240,3
DA:247,1
DA:250,1
DA:252,1
DA:254,1
DA:256,1
DA:258,2
DA:259,1
DA:260,2
DA:261,1
DA:263,1
DA:265,1
DA:266,1
DA:269,1
DA:271,1
DA:273,2
DA:274,1
DA:277,0
DA:283,1
DA:284,1
DA:285,1
DA:289,1
DA:290,2
DA:291,1
DA:305,1
DA:307,1
DA:309,1
DA:310,1
DA:311,1
DA:312,1
DA:315,1
DA:316,1
DA:317,1
DA:319,1
DA:321,1
DA:322,1
DA:323,1
DA:324,1
DA:326,1
DA:327,1
DA:328,0
DA:329,0
DA:332,0
LF:139
LH:132
end_of_record
