SF:lib/core/movie/domain/usecase/get_watchlist_status.dart
DA:6,1
DA:8,1
DA:9,2
LF:3
LH:3
end_of_record
SF:lib/common/failure.dart
DA:6,16
DA:8,2
DA:9,4
DA:13,28
DA:17,4
DA:21,12
LF:6
LH:6
end_of_record
SF:lib/core/db/database_helper.dart
DA:9,0
DA:13,0
DA:17,0
DA:19,0
DA:27,0
DA:28,0
DA:29,0
DA:31,0
DA:34,0
DA:35,0
DA:43,0
DA:51,0
DA:54,0
DA:55,0
DA:59,0
DA:60,0
DA:61,0
DA:64,0
DA:65,0
DA:66,0
DA:69,0
DA:70,0
DA:71,0
DA:74,0
DA:78,0
DA:79,0
DA:80,0
DA:83,0
DA:87,0
DA:88,0
DA:89,0
DA:92,0
DA:95,0
DA:96,0
DA:102,0
DA:103,0
DA:104,0
DA:107,0
DA:110,0
DA:111,0
DA:117,0
DA:118,0
DA:120,0
DA:125,0
DA:126,0
DA:128,0
LF:46
LH:0
end_of_record
SF:lib/core/movie/data/datasource/movie_local_data_source.dart
DA:15,1
DA:17,1
DA:20,2
DA:23,2
DA:27,1
DA:30,2
DA:33,2
DA:37,1
DA:39,2
DA:41,1
DA:47,1
DA:49,2
DA:50,4
LF:13
LH:13
end_of_record
SF:lib/core/movie/data/datasource/movie_remote_data_source.dart
DA:24,1
DA:27,1
DA:29,1
DA:32,4
DA:34,2
DA:35,4
DA:37,1
DA:41,1
DA:43,4
DA:45,2
DA:46,3
DA:48,1
DA:52,1
DA:55,4
DA:57,2
DA:58,4
DA:60,1
DA:64,1
DA:66,4
DA:68,2
DA:69,4
DA:71,1
DA:75,1
DA:77,4
DA:79,2
DA:80,4
DA:82,1
DA:86,1
DA:88,4
DA:90,2
DA:91,4
DA:93,1
LF:32
LH:32
end_of_record
SF:lib/core/movie/data/models/movie_detail_model.dart
DA:6,3
DA:52,1
DA:53,1
DA:54,1
DA:55,1
DA:56,1
DA:57,1
DA:58,4
DA:59,1
DA:60,1
DA:61,1
DA:62,1
DA:63,1
DA:64,1
DA:65,2
DA:66,1
DA:67,1
DA:68,1
DA:69,1
DA:70,1
DA:71,1
DA:72,1
DA:73,1
DA:74,2
DA:75,1
DA:78,2
DA:79,1
DA:80,1
DA:81,1
DA:82,5
DA:83,1
DA:84,1
DA:85,1
DA:86,1
DA:87,1
DA:88,1
DA:89,1
DA:90,1
DA:91,1
DA:92,1
DA:93,1
DA:94,1
DA:95,1
DA:96,1
DA:97,1
DA:98,1
DA:99,1
DA:102,1
DA:103,1
DA:104,1
DA:105,1
DA:106,5
DA:107,1
DA:108,1
DA:109,1
DA:110,1
DA:111,1
DA:112,1
DA:113,1
DA:114,1
DA:115,1
DA:119,1
DA:120,1
DA:121,1
DA:122,1
DA:123,1
DA:124,1
DA:125,1
DA:126,1
DA:127,1
DA:128,1
DA:129,1
DA:130,1
DA:131,1
DA:132,1
DA:133,1
DA:134,1
DA:135,1
DA:136,1
DA:137,1
DA:138,1
DA:139,1
DA:140,1
DA:141,1
LF:84
LH:84
end_of_record
SF:lib/core/movie/data/models/movie_model.dart
DA:5,4
DA:35,4
DA:36,2
DA:37,2
DA:38,8
DA:39,2
DA:40,2
DA:41,2
DA:42,4
DA:43,2
DA:44,2
DA:45,2
DA:46,2
DA:47,4
DA:48,2
DA:51,2
DA:52,1
DA:53,1
DA:54,4
DA:55,1
DA:56,1
DA:57,1
DA:58,1
DA:59,1
DA:60,1
DA:61,1
DA:62,1
DA:63,1
DA:64,1
DA:67,2
DA:68,2
DA:69,2
DA:70,2
DA:71,2
DA:72,2
DA:73,2
DA:74,2
DA:75,2
DA:76,2
DA:77,2
DA:78,2
DA:79,2
DA:80,2
DA:81,2
DA:85,2
DA:86,2
DA:87,2
DA:88,2
DA:89,2
DA:90,2
DA:91,2
DA:92,2
DA:93,2
DA:94,2
DA:95,2
DA:96,2
DA:97,2
DA:98,2
DA:99,2
LF:59
LH:59
end_of_record
SF:lib/core/movie/data/models/movie_table.dart
DA:11,3
DA:18,2
DA:19,1
DA:20,1
DA:21,1
DA:22,1
DA:25,2
DA:26,1
DA:27,1
DA:28,1
DA:29,1
DA:32,2
DA:33,1
DA:34,1
DA:35,1
DA:36,1
DA:39,2
DA:40,1
DA:41,1
DA:42,1
DA:43,1
DA:46,2
DA:47,10
LF:23
LH:23
end_of_record
SF:lib/core/movie/domain/entities/movie.dart
DA:4,15
DA:20,1
DA:41,8
DA:42,8
DA:43,8
DA:44,8
DA:45,8
DA:46,8
DA:47,8
DA:48,8
DA:49,8
DA:50,8
DA:51,8
DA:52,8
DA:53,8
DA:54,8
DA:55,8
LF:17
LH:17
end_of_record
SF:lib/core/movie/domain/entities/movie_detail.dart
DA:5,6
DA:33,2
DA:34,2
DA:35,2
DA:36,2
DA:37,2
DA:38,2
DA:39,2
DA:40,2
DA:41,2
DA:42,2
DA:43,2
DA:44,2
DA:45,2
LF:14
LH:14
end_of_record
SF:lib/core/tv_series/data/datasource/tv_series_local_data_source.dart
DA:15,1
DA:19,1
DA:22,2
DA:25,2
DA:29,1
DA:31,2
DA:33,1
DA:39,1
DA:41,2
DA:42,4
DA:45,1
DA:48,2
DA:51,2
LF:13
LH:13
end_of_record
SF:lib/core/tv_series/data/datasource/tv_series_remote_data_source.dart
DA:25,1
DA:28,1
DA:30,1
DA:33,4
DA:35,2
DA:36,4
DA:38,1
DA:42,1
DA:44,4
DA:46,2
DA:47,4
DA:49,1
DA:53,1
DA:56,4
DA:58,2
DA:59,4
DA:61,1
DA:65,1
DA:68,4
DA:70,2
DA:71,3
DA:73,1
DA:77,1
DA:80,4
DA:82,2
DA:83,4
DA:85,1
DA:89,1
DA:92,4
DA:94,2
DA:95,4
DA:97,1
LF:32
LH:32
end_of_record
SF:lib/core/tv_series/data/models/tv_series_detail_model.dart
DA:7,3
DA:39,1
DA:40,1
DA:41,1
DA:42,1
DA:43,5
DA:44,5
DA:45,1
DA:46,1
DA:47,1
DA:48,1
DA:49,1
DA:50,1
DA:51,1
DA:52,1
DA:53,1
DA:54,1
DA:58,1
DA:59,1
DA:60,1
DA:61,1
DA:63,1
DA:64,1
DA:66,1
DA:67,2
DA:68,2
DA:71,1
DA:72,2
DA:73,2
DA:76,1
DA:77,1
DA:78,1
DA:79,2
DA:81,1
DA:82,1
DA:83,1
DA:84,1
DA:86,2
DA:87,1
DA:88,1
DA:92,2
DA:93,1
DA:94,1
DA:95,1
DA:96,5
DA:97,5
DA:98,1
DA:99,1
DA:100,1
DA:101,1
DA:102,1
DA:103,1
DA:104,1
DA:105,1
DA:106,1
DA:109,1
DA:111,1
DA:112,1
DA:113,1
DA:114,1
DA:115,1
DA:116,1
DA:117,1
DA:118,1
DA:119,1
DA:120,1
DA:121,1
DA:122,1
DA:123,1
DA:124,1
DA:125,1
LF:71
LH:71
end_of_record
SF:lib/core/tv_series/data/models/tv_series_model.dart
DA:5,4
DA:35,2
DA:36,2
DA:37,2
DA:38,2
DA:39,2
DA:40,2
DA:41,2
DA:42,2
DA:43,2
DA:44,2
DA:45,2
DA:46,2
DA:47,2
DA:48,2
DA:49,2
DA:53,2
DA:54,2
DA:55,2
DA:56,2
DA:58,2
DA:59,2
DA:61,4
DA:62,2
DA:63,2
DA:64,2
DA:65,4
DA:67,2
DA:68,2
DA:69,2
DA:70,2
DA:72,4
DA:73,2
DA:74,2
DA:78,2
DA:79,1
DA:80,1
DA:81,1
DA:82,1
DA:83,1
DA:84,1
DA:85,1
DA:86,1
DA:87,1
DA:88,2
DA:89,1
DA:90,2
DA:91,1
DA:94,2
DA:95,2
DA:96,2
DA:97,2
DA:98,2
DA:99,2
DA:100,2
DA:101,2
DA:102,2
DA:103,2
DA:104,2
DA:105,2
DA:106,2
DA:107,2
DA:108,2
LF:63
LH:63
end_of_record
SF:lib/core/tv_series/data/models/tv_series_table.dart
DA:11,3
DA:18,1
DA:19,1
DA:20,1
DA:21,1
DA:22,1
DA:23,1
DA:27,2
DA:28,1
DA:29,1
DA:30,1
DA:31,1
DA:34,2
DA:35,1
DA:36,1
DA:37,1
DA:38,1
DA:41,1
DA:42,1
DA:43,1
DA:44,2
DA:46,2
DA:47,2
DA:51,2
DA:52,2
DA:53,2
DA:54,2
DA:55,2
DA:56,2
LF:29
LH:29
end_of_record
SF:lib/core/tv_series/domain/entities/tv_series.dart
DA:4,14
DA:20,1
DA:41,7
DA:42,7
DA:43,7
DA:44,7
DA:45,7
DA:46,7
DA:47,7
DA:48,7
DA:49,7
DA:50,7
DA:51,7
DA:52,7
DA:53,7
DA:54,7
DA:55,7
LF:17
LH:17
end_of_record
SF:lib/core/tv_series/domain/entities/tv_series_detail.dart
DA:6,6
DA:38,2
DA:39,2
DA:40,2
DA:41,2
DA:42,2
DA:43,2
DA:44,2
DA:45,2
DA:46,2
DA:47,2
DA:48,2
DA:49,2
DA:50,2
DA:51,2
DA:52,2
LF:16
LH:16
end_of_record
SF:lib/common/exception.dart
DA:6,4
LF:1
LH:1
end_of_record
SF:lib/common/url_builder.dart
DA:2,2
DA:11,1
DA:12,4
DA:15,1
DA:16,4
DA:19,1
DA:20,4
DA:23,1
DA:24,4
DA:27,1
DA:28,4
DA:31,1
DA:32,4
DA:35,1
DA:36,4
DA:39,1
DA:40,4
DA:43,1
DA:44,4
DA:47,1
DA:48,4
DA:51,1
DA:52,4
DA:55,1
DA:56,4
LF:25
LH:25
end_of_record
SF:lib/core/movie/data/models/movie_response.dart
DA:7,2
DA:9,4
DA:10,4
DA:11,6
DA:12,6
DA:15,2
DA:16,5
DA:19,1
DA:20,2
LF:9
LH:9
end_of_record
SF:lib/core/movie/data/models/genre_model.dart
DA:5,4
DA:13,2
DA:14,1
DA:15,1
DA:18,4
DA:19,2
DA:20,2
DA:23,1
DA:24,3
DA:27,1
DA:28,3
LF:11
LH:11
end_of_record
SF:lib/core/movie/domain/entities/genre.dart
DA:4,6
DA:12,2
DA:13,6
LF:3
LH:3
end_of_record
SF:lib/core/tv_series/data/models/tv_series_response.dart
DA:5,2
DA:11,1
DA:12,1
DA:13,5
DA:17,2
DA:18,2
DA:19,4
DA:20,6
DA:21,6
DA:24,1
DA:25,2
LF:11
LH:11
end_of_record
SF:lib/core/tv_series/data/models/genre_model.dart
DA:5,4
DA:13,2
DA:14,1
DA:15,1
DA:18,4
DA:19,2
DA:20,2
DA:23,1
DA:24,3
DA:27,1
DA:28,3
LF:11
LH:11
end_of_record
SF:lib/core/tv_series/domain/entities/genre.dart
DA:4,6
DA:12,2
DA:13,6
LF:3
LH:3
end_of_record
SF:lib/core/tv_series/data/models/season_model.dart
DA:5,4
DA:23,2
DA:24,2
DA:25,2
DA:26,2
DA:27,2
DA:28,2
DA:29,2
DA:30,2
DA:31,2
DA:35,1
DA:36,1
DA:37,2
DA:38,1
DA:39,1
DA:40,1
DA:41,1
DA:43,2
DA:44,1
DA:48,4
DA:49,2
DA:50,2
DA:51,2
DA:52,2
DA:53,2
DA:54,2
DA:55,2
DA:58,1
DA:60,1
DA:61,1
DA:62,1
DA:63,1
DA:64,1
DA:65,1
DA:66,1
DA:67,1
LF:36
LH:36
end_of_record
SF:lib/core/tv_series/domain/entities/season.dart
DA:4,7
DA:22,1
DA:24,1
DA:25,1
DA:26,1
DA:27,1
DA:28,1
DA:29,1
DA:30,1
DA:31,1
LF:10
LH:10
end_of_record
SF:lib/common/constants.dart
DA:17,6
DA:18,3
DA:19,33
DA:21,3
DA:23,3
LF:5
LH:5
end_of_record
SF:lib/components/centered_progress_circular_indicator.dart
DA:4,167
DA:6,11
DA:8,11
LF:3
LH:3
end_of_record
SF:lib/components/centered_text.dart
DA:6,9
DA:9,9
DA:11,9
DA:13,9
DA:14,18
LF:5
LH:5
end_of_record
SF:lib/components/content_tile.dart
DA:9,4
DA:13,4
DA:15,4
DA:17,4
DA:18,4
DA:19,4
DA:20,4
DA:21,8
DA:22,4
DA:23,8
DA:24,8
DA:25,4
DA:27,0
LF:13
LH:12
end_of_record
SF:lib/components/exception_indicator.dart
DA:5,4
DA:7,1
DA:9,1
DA:10,1
DA:13,1
DA:19,1
DA:21,1
LF:7
LH:7
end_of_record
SF:lib/components/movie_card_list.dart
DA:12,4
DA:16,4
DA:18,4
DA:20,4
DA:22,4
DA:23,4
DA:24,4
DA:26,4
DA:27,4
DA:28,4
DA:34,4
DA:36,4
DA:37,4
DA:38,8
DA:41,4
DA:43,4
DA:44,4
DA:45,8
DA:53,4
DA:58,4
DA:59,4
DA:60,12
DA:62,8
DA:63,4
DA:65,0
DA:67,8
LF:26
LH:25
end_of_record
SF:lib/components/sub_heading.dart
DA:8,2
DA:12,2
DA:14,2
DA:16,2
DA:17,2
DA:18,2
DA:20,2
DA:21,2
DA:22,2
DA:23,2
DA:25,2
DA:27,2
DA:28,2
DA:29,2
DA:30,2
LF:15
LH:15
end_of_record
SF:lib/components/tv_series_card.dart
DA:11,5
DA:15,5
DA:17,5
DA:19,5
DA:21,5
DA:22,5
DA:23,5
DA:25,5
DA:26,5
DA:27,5
DA:33,5
DA:35,5
DA:36,5
DA:37,10
DA:40,5
DA:42,5
DA:43,5
DA:44,10
DA:52,5
DA:57,5
DA:58,5
DA:59,15
DA:61,10
DA:62,5
DA:64,0
DA:66,10
LF:26
LH:25
end_of_record
SF:lib/components/verticaled_movie_list.dart
DA:10,4
DA:13,4
DA:15,4
DA:17,4
DA:18,8
DA:19,4
DA:20,8
DA:21,4
DA:22,8
DA:24,0
DA:25,0
DA:28,0
LF:12
LH:9
end_of_record
SF:lib/components/verticaled_tv_series_list.dart
DA:9,5
DA:12,5
DA:14,5
DA:16,5
DA:17,10
DA:18,5
DA:19,10
DA:20,5
DA:21,10
DA:23,0
DA:24,0
DA:27,0
LF:12
LH:9
end_of_record
SF:lib/feature/movie_detail/page/movie_detail_page.dart
DA:16,1
DA:18,1
DA:19,1
DA:23,3
DA:24,1
DA:25,2
DA:27,1
DA:29,1
DA:30,1
DA:31,3
DA:32,3
DA:35,1
DA:37,1
DA:38,1
DA:39,1
DA:40,1
DA:42,1
DA:43,1
DA:44,1
DA:45,1
DA:46,3
DA:48,1
DA:49,1
DA:51,1
DA:52,1
DA:53,2
DA:60,1
DA:61,1
DA:62,1
DA:63,3
DA:64,1
DA:66,1
DA:67,1
DA:69,1
DA:70,1
DA:71,1
DA:72,1
DA:88,1
DA:93,1
DA:95,1
DA:97,3
DA:98,1
DA:99,1
DA:100,1
DA:101,3
DA:103,2
DA:104,1
DA:106,0
DA:108,1
DA:110,1
DA:111,1
DA:112,1
DA:113,1
DA:115,2
DA:122,1
DA:123,1
DA:124,1
DA:126,1
DA:128,1
DA:130,1
DA:131,1
DA:132,2
DA:133,1
DA:135,1
DA:136,1
DA:137,1
DA:138,3
DA:140,3
DA:143,1
DA:145,1
DA:146,3
DA:147,1
DA:148,1
DA:149,1
DA:153,1
DA:154,3
DA:156,1
DA:157,3
DA:159,1
DA:160,1
DA:161,1
DA:162,3
DA:164,2
DA:170,4
DA:173,1
DA:174,1
DA:176,1
DA:178,1
DA:179,2
DA:181,1
DA:182,1
DA:184,1
DA:186,1
DA:191,1
DA:193,1
DA:208,1
DA:210,1
DA:213,1
DA:214,1
DA:215,0
DA:216,0
DA:225,1
DA:227,2
DA:228,3
DA:231,1
DA:235,3
DA:238,1
DA:239,1
DA:240,1
DA:242,1
DA:243,1
DA:245,0
DA:251,1
DA:253,1
DA:255,1
DA:257,1
DA:258,1
DA:259,1
DA:260,1
DA:261,1
DA:262,1
DA:264,1
DA:265,1
DA:266,1
DA:268,1
DA:270,1
DA:271,1
DA:272,1
DA:273,1
DA:275,1
DA:276,1
DA:277,0
DA:278,0
DA:281,0
LF:134
LH:127
end_of_record
SF:lib/feature/tv_series_detail/tv_series_detail_page.dart
DA:19,1
DA:21,1
DA:22,1
DA:26,3
DA:27,1
DA:28,2
DA:30,1
DA:32,1
DA:33,1
DA:34,3
DA:35,3
DA:38,1
DA:40,1
DA:41,1
DA:42,1
DA:43,1
DA:45,1
DA:46,1
DA:47,1
DA:48,2
DA:49,2
DA:51,1
DA:52,1
DA:54,1
DA:55,1
DA:56,2
DA:63,1
DA:64,1
DA:65,1
DA:66,3
DA:67,1
DA:68,1
DA:70,1
DA:72,1
DA:73,1
DA:74,1
DA:75,1
DA:91,1
DA:96,1
DA:98,1
DA:100,3
DA:101,1
DA:102,1
DA:103,1
DA:104,3
DA:106,2
DA:107,1
DA:109,0
DA:111,1
DA:113,1
DA:114,1
DA:115,1
DA:116,1
DA:118,2
DA:125,1
DA:126,1
DA:127,1
DA:129,1
DA:131,1
DA:133,1
DA:134,1
DA:135,2
DA:136,1
DA:138,1
DA:139,1
DA:140,1
DA:141,3
DA:143,3
DA:146,1
DA:148,1
DA:149,1
DA:150,1
DA:151,1
DA:152,1
DA:156,1
DA:157,3
DA:159,1
DA:160,1
DA:161,1
DA:162,3
DA:164,2
DA:170,4
DA:173,1
DA:174,1
DA:176,1
DA:178,1
DA:179,2
DA:184,1
DA:186,1
DA:188,3
DA:189,1
DA:190,1
DA:192,1
DA:194,1
DA:199,1
DA:201,1
DA:216,1
DA:218,1
DA:221,1
DA:222,1
DA:223,0
DA:224,0
DA:233,1
DA:235,2
DA:236,3
DA:239,1
DA:243,3
DA:250,1
DA:253,1
DA:255,1
DA:257,1
DA:259,1
DA:261,2
DA:262,1
DA:263,2
DA:264,1
DA:266,1
DA:268,1
DA:269,1
DA:272,1
DA:273,2
DA:274,1
DA:276,2
DA:277,2
DA:278,1
DA:280,0
DA:285,1
DA:286,1
DA:287,1
DA:291,1
DA:292,2
DA:293,1
DA:307,1
DA:309,1
DA:311,1
DA:313,1
DA:315,1
DA:316,1
DA:317,1
DA:318,1
DA:319,1
DA:321,1
DA:322,1
DA:323,1
DA:325,1
DA:327,1
DA:328,1
DA:329,1
DA:330,1
DA:332,1
DA:333,1
DA:334,0
DA:335,0
DA:338,0
LF:154
LH:147
end_of_record
SF:lib/core/movie/domain/usecase/get_movie_detail.dart
DA:9,1
DA:11,1
DA:12,2
LF:3
LH:3
end_of_record
SF:lib/core/movie/domain/usecase/get_movie_recommendations.dart
DA:9,1
DA:11,1
DA:12,2
LF:3
LH:3
end_of_record
SF:lib/core/movie/domain/usecase/remove_watchlist.dart
DA:9,1
DA:11,1
DA:12,2
LF:3
LH:3
end_of_record
SF:lib/core/movie/domain/usecase/save_watchlist.dart
DA:9,1
DA:11,1
DA:12,2
LF:3
LH:3
end_of_record
SF:lib/core/tv_series/domain/usecase/get_detail_tv_series.dart
DA:9,1
DA:11,1
DA:12,2
LF:3
LH:3
end_of_record
SF:lib/core/tv_series/domain/usecase/get_tv_series_recommendations.dart
DA:9,1
DA:11,1
DA:12,2
LF:3
LH:3
end_of_record
SF:lib/core/tv_series/domain/usecase/get_watchlist_status.dart
DA:6,1
DA:8,1
DA:9,2
LF:3
LH:3
end_of_record
SF:lib/core/tv_series/domain/usecase/remove_watchlist_tv_series.dart
DA:9,1
DA:11,1
DA:12,2
LF:3
LH:3
end_of_record
SF:lib/core/tv_series/domain/usecase/save_watchlist_tv_series.dart
DA:9,1
DA:11,1
DA:12,2
LF:3
LH:3
end_of_record
SF:lib/feature/movie_detail/cubit/movie_detail_state.dart
DA:9,65
DA:16,1
DA:22,1
DA:23,1
DA:24,1
DA:25,1
DA:26,1
DA:30,1
DA:31,1
DA:32,1
DA:33,1
DA:34,1
DA:35,1
DA:40,2
DA:46,2
DA:48,1
DA:49,2
DA:55,2
DA:57,1
DA:58,2
LF:20
LH:20
end_of_record
SF:lib/feature/movie_detail/cubit/movie_detail_cubit.dart
DA:18,1
DA:23,1
DA:25,1
DA:26,2
DA:27,2
DA:28,1
DA:29,1
DA:30,1
DA:31,3
DA:34,1
DA:35,1
DA:36,2
DA:42,1
DA:43,2
DA:44,1
DA:45,2
DA:49,1
DA:50,2
DA:51,1
DA:52,1
DA:53,3
DA:54,2
DA:57,1
DA:58,3
DA:59,1
DA:64,2
DA:67,1
DA:68,2
DA:69,1
DA:70,1
DA:71,3
DA:72,2
DA:75,1
DA:76,3
DA:77,1
DA:82,2
LF:36
LH:36
end_of_record
SF:lib/feature/movie_detail/cubit/movie_recommendations_state.dart
DA:4,65
DA:8,65
DA:10,1
DA:11,1
DA:17,2
DA:21,1
DA:22,2
DA:28,2
DA:32,1
DA:33,2
LF:10
LH:10
end_of_record
SF:lib/feature/movie_detail/cubit/movie_recommendations_cubit.dart
DA:12,1
DA:14,1
DA:16,1
DA:17,2
DA:18,1
DA:19,1
DA:20,1
DA:21,2
DA:24,1
DA:25,1
DA:26,1
LF:11
LH:11
end_of_record
SF:lib/feature/tv_series_detail/cubit/tv_series_detail_cubit.dart
DA:18,1
DA:23,2
DA:25,1
DA:26,2
DA:27,2
DA:28,1
DA:29,1
DA:30,1
DA:31,3
DA:34,1
DA:35,1
DA:36,2
DA:42,1
DA:43,2
DA:44,1
DA:45,2
DA:49,1
DA:50,2
DA:51,1
DA:52,1
DA:53,1
DA:54,2
DA:55,2
DA:58,1
DA:59,1
DA:60,2
DA:61,1
DA:66,2
DA:69,1
DA:70,2
DA:71,1
DA:72,1
DA:73,1
DA:74,2
DA:75,2
DA:78,1
DA:79,1
DA:80,2
DA:81,1
DA:86,2
LF:40
LH:40
end_of_record
SF:lib/feature/tv_series_detail/cubit/tv_series_detail_state.dart
DA:9,3
DA:16,1
DA:22,1
DA:23,1
DA:24,1
DA:25,1
DA:26,1
DA:30,1
DA:31,1
DA:32,1
DA:33,1
DA:34,1
DA:35,1
DA:40,2
DA:46,2
DA:48,1
DA:49,2
DA:55,2
DA:57,1
DA:58,2
LF:20
LH:20
end_of_record
SF:lib/feature/tv_series_detail/cubit/tv_series_recommendations_state.dart
DA:4,65
DA:8,65
DA:10,1
DA:11,1
DA:17,2
DA:21,1
DA:22,2
DA:28,2
DA:32,1
DA:33,2
LF:10
LH:10
end_of_record
SF:lib/feature/tv_series_detail/cubit/tv_series_recommendations_cubit.dart
DA:12,1
DA:14,1
DA:16,1
DA:17,2
DA:18,1
DA:19,1
DA:20,1
DA:21,2
DA:24,1
DA:25,1
DA:26,1
LF:11
LH:11
end_of_record
SF:lib/core/movie/domain/usecase/get_popular_movies.dart
DA:9,1
DA:11,1
DA:12,2
LF:3
LH:3
end_of_record
SF:lib/core/movie/domain/usecase/get_top_rated_movies.dart
DA:9,1
DA:11,1
DA:12,2
LF:3
LH:3
end_of_record
SF:lib/core/movie/domain/usecase/get_watchlist_movies.dart
DA:9,1
DA:11,1
DA:12,2
LF:3
LH:3
end_of_record
SF:lib/core/movie/domain/usecase/get_now_playing_movies.dart
DA:9,1
DA:11,1
DA:12,2
LF:3
LH:3
end_of_record
SF:lib/core/movie/domain/usecase/search_movies.dart
DA:9,1
DA:11,1
DA:12,2
LF:3
LH:3
end_of_record
SF:lib/core/movie/data/repositories/movie_repository_impl.dart
DA:17,1
DA:22,1
DA:25,2
DA:26,5
DA:27,1
DA:28,2
DA:29,1
DA:30,2
DA:34,1
DA:37,2
DA:38,2
DA:39,1
DA:40,2
DA:41,1
DA:42,2
DA:46,1
DA:49,2
DA:50,3
DA:51,1
DA:52,2
DA:53,1
DA:54,2
DA:58,1
DA:61,2
DA:62,5
DA:63,1
DA:64,2
DA:65,1
DA:66,2
DA:70,1
DA:73,2
DA:74,5
DA:75,1
DA:76,2
DA:77,1
DA:78,2
DA:82,1
DA:85,2
DA:86,5
DA:87,1
DA:88,2
DA:89,1
DA:90,2
DA:94,1
DA:98,3
DA:99,1
DA:100,1
DA:101,3
DA:107,1
DA:111,3
DA:112,1
DA:113,1
DA:114,3
DA:118,1
DA:120,2
DA:124,1
DA:126,2
DA:127,5
LF:58
LH:58
end_of_record
SF:lib/core/tv_series/domain/usecase/get_popular_tv_series.dart
DA:9,1
DA:11,1
DA:12,2
LF:3
LH:3
end_of_record
SF:lib/core/tv_series/domain/usecase/get_top_rated_tv_series.dart
DA:9,1
DA:11,1
DA:12,2
LF:3
LH:3
end_of_record
SF:lib/core/tv_series/domain/usecase/get_watchlist_tv_series.dart
DA:9,1
DA:11,1
DA:12,2
LF:3
LH:3
end_of_record
SF:lib/core/tv_series/domain/usecase/get_now_playing_tv_series.dart
DA:9,1
DA:11,1
DA:12,2
LF:3
LH:3
end_of_record
SF:lib/core/tv_series/domain/usecase/search_tv_series.dart
DA:9,1
DA:11,1
DA:12,2
LF:3
LH:3
end_of_record
SF:lib/core/tv_series/data/repositories/tv_series_repository_impl.dart
DA:18,1
DA:23,1
DA:26,2
DA:27,5
DA:28,1
DA:29,2
DA:30,1
DA:31,2
DA:35,1
DA:38,2
DA:39,5
DA:40,1
DA:41,2
DA:42,1
DA:43,2
DA:47,1
DA:50,2
DA:51,5
DA:52,1
DA:53,2
DA:54,1
DA:55,2
DA:59,1
DA:62,2
DA:63,2
DA:64,1
DA:65,2
DA:66,1
DA:67,2
DA:71,1
DA:75,2
DA:76,5
DA:77,1
DA:78,2
DA:79,1
DA:80,2
DA:84,1
DA:87,2
DA:88,5
DA:89,1
DA:90,2
DA:91,1
DA:92,2
DA:96,1
DA:98,2
DA:99,5
DA:102,1
DA:104,2
DA:108,1
DA:112,2
DA:113,1
DA:115,1
DA:116,1
DA:117,3
DA:121,1
DA:124,2
DA:125,1
DA:127,1
DA:128,1
DA:129,3
LF:60
LH:60
end_of_record
SF:lib/feature/tv_series_list/cubit/popular_tv_series_state.dart
DA:4,12
DA:8,12
DA:10,1
DA:11,1
DA:17,3
DA:19,1
DA:20,2
DA:26,3
DA:28,1
DA:29,2
LF:10
LH:10
end_of_record
SF:lib/feature/tv_series_list/cubit/popular_tv_series_cubit.dart
DA:12,1
DA:14,1
DA:16,1
DA:17,2
DA:18,1
DA:19,1
DA:20,1
DA:21,2
DA:24,1
DA:25,1
DA:26,1
LF:11
LH:11
end_of_record
SF:lib/feature/tv_series_list/page/popular_tv_series_page.dart
DA:9,1
DA:10,1
DA:14,1
DA:16,1
DA:17,1
DA:18,1
DA:20,1
DA:22,1
DA:23,1
DA:24,1
DA:26,1
DA:27,2
DA:28,1
DA:29,2
LF:14
LH:14
end_of_record
SF:lib/feature/tv_series_list/cubit/now_playing_tv_series_cubit.dart
DA:12,1
DA:14,1
DA:16,1
DA:17,2
DA:18,1
DA:19,1
DA:20,1
DA:21,2
DA:24,1
DA:25,1
DA:26,1
LF:11
LH:11
end_of_record
SF:lib/feature/tv_series_list/cubit/now_playing_tv_series_state.dart
DA:4,10
DA:8,10
DA:10,1
DA:11,1
DA:17,3
DA:19,1
DA:20,2
DA:26,3
DA:28,1
DA:29,2
LF:10
LH:10
end_of_record
SF:lib/feature/tv_series_list/cubit/top_rated_tv_series_state.dart
DA:4,10
DA:8,10
DA:10,1
DA:11,1
DA:17,3
DA:19,1
DA:20,2
DA:26,3
DA:28,1
DA:29,2
LF:10
LH:10
end_of_record
SF:lib/feature/tv_series_list/cubit/top_rated_tv_series_cubit.dart
DA:12,1
DA:14,1
DA:16,1
DA:17,2
DA:18,1
DA:19,1
DA:20,1
DA:21,2
DA:24,1
DA:25,1
DA:26,1
LF:11
LH:11
end_of_record
SF:lib/feature/tv_series_list/page/tv_series_list_page.dart
DA:16,2
DA:18,1
DA:19,1
DA:23,1
DA:24,2
DA:25,1
DA:26,2
DA:27,1
DA:28,2
DA:30,1
DA:32,1
DA:33,2
DA:34,2
DA:35,2
DA:38,1
DA:40,1
DA:41,1
DA:42,1
DA:43,1
DA:44,1
DA:46,1
DA:47,1
DA:49,0
DA:50,0
DA:54,1
DA:55,1
DA:56,1
DA:57,2
DA:58,1
DA:59,2
DA:65,1
DA:67,0
DA:68,0
DA:71,1
DA:72,1
DA:73,1
DA:74,2
DA:75,1
DA:76,1
DA:77,1
DA:84,1
DA:86,0
DA:87,0
DA:90,1
DA:91,1
DA:92,1
DA:93,2
DA:94,1
DA:95,2
DA:112,1
DA:115,1
DA:117,1
DA:119,1
DA:121,1
DA:123,2
DA:124,1
DA:125,2
DA:126,1
DA:127,1
DA:128,1
DA:129,1
DA:130,0
DA:131,0
DA:134,0
LF:64
LH:55
end_of_record
SF:lib/feature/tv_series_list/page/now_playing_tv_series_page.dart
DA:9,1
DA:10,1
DA:14,1
DA:16,1
DA:17,1
DA:18,1
DA:20,1
DA:22,1
DA:23,1
DA:24,1
DA:25,2
DA:26,1
DA:27,2
LF:13
LH:13
end_of_record
SF:lib/feature/tv_series_list/page/top_reated_tv_series_page.dart
DA:9,1
DA:10,1
DA:14,1
DA:16,1
DA:17,1
DA:18,1
DA:20,1
DA:22,1
DA:23,1
DA:24,1
DA:25,2
DA:26,1
DA:27,2
LF:13
LH:13
end_of_record
SF:lib/feature/movie_list/cubit/popular_movie_state.dart
DA:4,11
DA:8,11
DA:10,1
DA:11,1
DA:17,3
DA:21,1
DA:22,2
DA:28,3
DA:32,1
DA:33,2
LF:10
LH:10
end_of_record
SF:lib/feature/movie_list/cubit/popular_movie_cubit.dart
DA:12,1
DA:14,1
DA:16,1
DA:17,2
DA:18,1
DA:19,1
DA:20,1
DA:21,2
DA:24,1
DA:25,1
DA:26,1
LF:11
LH:11
end_of_record
SF:lib/feature/movie_list/page/popular_movies_page.dart
DA:9,1
DA:10,1
DA:14,1
DA:16,1
DA:17,1
DA:18,1
DA:20,1
DA:22,1
DA:23,1
DA:24,1
DA:25,2
DA:26,1
DA:27,2
LF:13
LH:13
end_of_record
SF:lib/feature/movie_list/cubit/now_playing_movie_state.dart
DA:4,7
DA:8,7
DA:10,1
DA:11,1
DA:17,2
DA:21,1
DA:22,2
DA:28,2
DA:32,1
DA:33,2
LF:10
LH:10
end_of_record
SF:lib/feature/movie_list/cubit/now_playing_movie_cubit.dart
DA:12,1
DA:14,1
DA:16,1
DA:17,2
DA:18,1
DA:19,1
DA:20,1
DA:21,2
DA:24,1
DA:25,1
DA:26,1
LF:11
LH:11
end_of_record
SF:lib/feature/movie_list/cubit/top_rated_movie_state.dart
DA:4,9
DA:8,9
DA:10,1
DA:11,1
DA:17,3
DA:21,1
DA:22,2
DA:28,3
DA:32,1
DA:33,2
LF:10
LH:10
end_of_record
SF:lib/feature/movie_list/cubit/top_rated_movie_cubit.dart
DA:12,1
DA:14,1
DA:16,1
DA:17,2
DA:18,1
DA:19,1
DA:20,1
DA:21,2
DA:24,1
DA:25,1
DA:26,1
LF:11
LH:11
end_of_record
SF:lib/feature/movie_list/page/movie_list_page.dart
DA:15,2
DA:17,1
DA:18,1
DA:22,1
DA:23,2
DA:24,3
DA:25,3
DA:27,1
DA:29,1
DA:30,2
DA:31,2
DA:32,2
DA:35,1
DA:37,1
DA:38,1
DA:40,1
DA:41,1
DA:43,1
DA:44,1
DA:46,1
DA:48,1
DA:49,1
DA:50,1
DA:51,2
DA:52,1
DA:53,2
DA:59,1
DA:61,0
DA:62,0
DA:65,1
DA:66,1
DA:67,1
DA:68,2
DA:69,1
DA:70,2
DA:76,1
DA:78,0
DA:79,0
DA:82,1
DA:83,1
DA:84,1
DA:85,2
DA:86,1
DA:87,2
DA:104,1
DA:107,1
DA:109,1
DA:111,1
DA:113,1
DA:115,1
DA:116,2
DA:117,1
DA:119,1
DA:120,1
DA:121,0
DA:122,0
DA:125,0
DA:131,2
LF:58
LH:51
end_of_record
SF:lib/feature/movie_list/page/top_rated_movies_page.dart
DA:9,1
DA:10,1
DA:14,1
DA:16,1
DA:17,1
DA:18,1
DA:20,1
DA:22,1
DA:23,1
DA:24,1
DA:25,2
DA:26,1
DA:27,2
LF:13
LH:13
end_of_record
SF:lib/feature/search/bloc/search_tv_series_state.dart
DA:4,8
DA:8,6
DA:10,1
DA:11,1
DA:15,3
DA:17,1
DA:18,1
DA:24,2
DA:28,1
DA:29,2
DA:33,3
DA:35,1
DA:36,1
DA:42,2
DA:46,1
DA:47,2
LF:16
LH:16
end_of_record
SF:lib/feature/search/bloc/search_tv_series_event.dart
DA:4,2
DA:6,0
DA:7,0
DA:13,2
DA:17,0
DA:18,0
LF:6
LH:2
end_of_record
SF:lib/feature/search/bloc/search_tv_series_bloc.dart
DA:15,1
DA:17,1
DA:18,1
DA:19,1
DA:20,1
DA:21,1
DA:22,1
DA:25,2
DA:26,1
DA:27,1
DA:28,1
DA:29,2
DA:32,1
DA:33,1
DA:34,1
DA:35,1
DA:38,1
DA:39,1
DA:45,1
DA:46,1
DA:50,1
DA:51,1
LF:22
LH:22
end_of_record
SF:lib/feature/search/bloc/search_movie_event.dart
DA:4,2
DA:6,0
DA:7,0
DA:13,2
DA:17,0
DA:18,0
LF:6
LH:2
end_of_record
SF:lib/feature/search/bloc/search_movie_bloc.dart
DA:15,1
DA:17,1
DA:18,1
DA:19,1
DA:20,1
DA:21,1
DA:22,1
DA:25,2
DA:26,1
DA:27,1
DA:28,1
DA:29,2
DA:32,1
DA:33,1
DA:34,1
DA:35,1
DA:38,1
DA:39,1
DA:45,1
DA:46,1
DA:49,1
DA:50,1
LF:22
LH:22
end_of_record
SF:lib/feature/search/bloc/search_movie_state.dart
DA:4,8
DA:8,6
DA:10,1
DA:11,1
DA:15,3
DA:17,1
DA:18,1
DA:24,2
DA:28,1
DA:29,2
DA:33,3
DA:35,1
DA:36,1
DA:42,2
DA:46,1
DA:47,2
LF:16
LH:16
end_of_record
SF:lib/feature/search/page/search_page.dart
DA:13,1
DA:14,1
DA:20,3
DA:21,1
DA:22,2
DA:26,1
DA:28,1
DA:29,3
DA:30,2
DA:31,3
DA:33,2
DA:34,3
DA:39,1
DA:41,1
DA:42,1
DA:43,1
DA:45,1
DA:47,1
DA:49,1
DA:50,1
DA:51,1
DA:52,1
DA:53,1
DA:55,1
DA:56,1
DA:60,1
DA:61,1
DA:63,1
DA:65,1
DA:67,1
DA:68,1
DA:69,1
DA:70,1
DA:71,2
DA:72,1
DA:73,2
DA:74,1
DA:78,1
DA:79,1
DA:80,1
DA:81,2
DA:82,1
DA:83,2
DA:84,1
DA:90,1
DA:91,2
DA:92,1
DA:93,1
DA:103,2
DA:105,1
DA:107,1
DA:108,1
DA:109,1
DA:110,2
DA:111,1
DA:113,1
DA:114,2
DA:124,2
DA:126,1
DA:128,1
DA:129,1
DA:130,1
DA:131,2
DA:132,1
DA:134,1
DA:135,2
LF:66
LH:66
end_of_record
SF:lib/feature/watchlist/cubit/watchlist_movie_state.dart
DA:4,6
DA:8,6
DA:10,1
DA:11,1
DA:17,2
DA:21,1
DA:22,2
DA:28,2
DA:32,1
DA:33,2
LF:10
LH:10
end_of_record
SF:lib/feature/watchlist/cubit/watchlist_movie_cubit.dart
DA:12,1
DA:14,1
DA:16,1
DA:17,2
DA:18,1
DA:19,1
DA:20,1
DA:21,2
DA:24,1
DA:25,1
DA:26,1
LF:11
LH:11
end_of_record
SF:lib/common/utils.dart
DA:3,3
LF:1
LH:1
end_of_record
SF:lib/feature/watchlist/cubit/watchlist_tv_series_cubit.dart
DA:12,1
DA:14,1
DA:16,1
DA:17,2
DA:18,1
DA:19,1
DA:20,1
DA:21,2
DA:24,1
DA:25,1
DA:26,1
LF:11
LH:11
end_of_record
SF:lib/feature/watchlist/cubit/watchlist_tv_series_state.dart
DA:4,6
DA:8,6
DA:10,1
DA:11,1
DA:17,2
DA:21,1
DA:22,2
DA:28,2
DA:32,1
DA:33,2
LF:10
LH:10
end_of_record
SF:lib/feature/watchlist/page/watchlist_page.dart
DA:12,1
DA:13,1
DA:17,1
DA:18,2
DA:19,1
DA:20,2
DA:23,1
DA:25,1
DA:26,2
DA:27,2
DA:30,1
DA:32,1
DA:33,4
DA:36,0
DA:37,0
DA:38,0
DA:41,1
DA:43,1
DA:44,1
DA:45,1
DA:47,1
DA:49,1
DA:51,1
DA:52,1
DA:54,1
DA:55,1
DA:56,1
DA:57,1
DA:58,2
DA:59,1
DA:60,2
DA:61,1
DA:65,1
DA:66,1
DA:67,1
DA:68,2
DA:69,1
DA:70,2
DA:71,1
DA:78,1
DA:79,2
DA:80,1
DA:81,1
DA:89,1
DA:91,2
DA:92,1
DA:97,2
DA:99,1
DA:101,1
DA:102,1
DA:103,1
DA:104,1
DA:105,1
DA:106,1
DA:108,1
DA:109,2
DA:119,2
DA:121,1
DA:123,1
DA:124,1
DA:125,1
DA:126,1
DA:127,1
DA:128,1
DA:130,1
DA:131,2
LF:66
LH:63
end_of_record
