SF:./core/tv_series_repository/lib/src/models/genre_model.dart
DA:4,4
DA:12,2
DA:13,1
DA:14,1
DA:17,4
DA:18,2
DA:19,2
DA:22,1
DA:23,3
LF:9
LH:9
end_of_record
SF:./core/tv_series_repository/lib/src/models/season_model.dart
DA:4,4
DA:22,2
DA:23,2
DA:24,2
DA:25,2
DA:26,2
DA:27,2
DA:28,2
DA:29,2
DA:30,2
DA:34,1
DA:35,1
DA:36,2
DA:37,1
DA:38,1
DA:39,1
DA:40,1
DA:42,2
DA:43,1
DA:47,1
DA:49,1
DA:50,1
DA:51,1
DA:52,1
DA:53,1
DA:54,1
DA:55,1
DA:56,1
LF:28
LH:28
end_of_record
SF:./core/tv_series_repository/lib/src/models/tv_series_model.dart
DA:4,5
DA:34,2
DA:35,2
DA:36,2
DA:37,2
DA:38,2
DA:39,2
DA:40,2
DA:41,2
DA:42,2
DA:43,2
DA:44,2
DA:45,2
DA:46,2
DA:47,2
DA:48,2
DA:52,2
DA:53,2
DA:54,2
DA:55,2
DA:57,2
DA:58,2
DA:60,4
DA:61,2
DA:62,2
DA:63,2
DA:64,4
DA:66,2
DA:67,2
DA:68,2
DA:69,2
DA:71,4
DA:72,2
DA:73,2
DA:77,2
DA:78,2
DA:79,2
DA:80,2
DA:81,2
DA:82,2
DA:83,2
DA:84,2
DA:85,2
DA:86,2
DA:87,2
DA:88,2
DA:89,2
DA:90,2
DA:91,2
LF:49
LH:49
end_of_record
SF:./core/tv_series_repository/lib/src/models/tv_series_response.dart
DA:6,3
DA:12,1
DA:13,1
DA:14,5
DA:18,2
DA:19,2
DA:20,4
DA:21,6
DA:22,6
DA:25,1
DA:26,2
LF:11
LH:11
end_of_record
SF:./core/tv_series_repository/lib/src/models/tv_series_detail_model.dart
DA:6,3
DA:38,1
DA:39,1
DA:40,1
DA:41,1
DA:42,5
DA:43,5
DA:44,1
DA:45,1
DA:46,1
DA:47,1
DA:48,1
DA:49,1
DA:50,1
DA:51,1
DA:52,1
DA:53,1
DA:57,1
DA:58,1
DA:59,1
DA:60,1
DA:62,1
DA:63,1
DA:65,1
DA:66,2
DA:67,2
DA:70,1
DA:71,2
DA:72,2
DA:75,1
DA:76,1
DA:77,1
DA:78,2
DA:80,1
DA:81,1
DA:82,1
DA:83,1
DA:85,2
DA:86,1
DA:87,1
DA:91,1
DA:93,1
DA:94,1
DA:95,1
DA:96,1
DA:97,1
DA:98,1
DA:99,1
DA:100,1
DA:101,1
DA:102,1
DA:103,1
DA:104,1
DA:105,1
DA:106,1
DA:107,1
LF:56
LH:56
end_of_record
SF:./core/tv_series_repository/lib/src/mapper/entity_to_table.dart
DA:5,2
DA:6,1
DA:7,1
DA:8,1
DA:9,1
LF:5
LH:5
end_of_record
SF:./core/tv_series_repository/lib/src/mapper/model_to_entity.dart
DA:6,2
DA:7,1
DA:8,1
DA:9,1
DA:10,1
DA:11,1
DA:12,1
DA:13,1
DA:14,1
DA:15,1
DA:16,2
DA:17,1
DA:18,2
DA:19,1
DA:24,2
DA:25,1
DA:26,1
DA:27,1
DA:28,5
DA:29,5
DA:30,1
DA:31,1
DA:32,1
DA:33,1
DA:34,1
DA:35,1
DA:36,1
DA:37,1
DA:38,1
DA:43,2
DA:44,1
DA:45,1
DA:50,4
DA:51,2
DA:52,2
DA:53,2
DA:54,2
DA:55,2
DA:56,2
DA:57,2
LF:40
LH:40
end_of_record
SF:./core/tv_series_repository/lib/src/mapper/table_to_entity.dart
DA:5,2
DA:6,1
DA:7,1
DA:8,1
DA:9,1
LF:5
LH:5
end_of_record
SF:./core/tv_series_repository/lib/src/datasource/tv_series_local_data_source.dart
DA:14,1
DA:18,1
DA:21,2
DA:24,2
DA:28,1
DA:30,2
DA:32,1
DA:38,1
DA:40,2
DA:41,4
DA:44,1
DA:47,2
DA:50,2
LF:13
LH:13
end_of_record
SF:./core/tv_series_repository/lib/src/datasource/tv_series_remote_data_source.dart
DA:23,1
DA:28,1
DA:31,4
DA:33,2
DA:34,4
DA:36,1
DA:40,1
DA:42,4
DA:44,2
DA:45,4
DA:47,1
DA:51,1
DA:54,4
DA:56,2
DA:57,4
DA:59,1
DA:63,1
DA:66,4
DA:68,2
DA:69,3
DA:71,1
DA:75,1
DA:78,4
DA:80,2
DA:81,4
DA:83,1
DA:87,1
DA:90,4
DA:92,2
DA:93,4
DA:95,1
LF:31
LH:31
end_of_record
SF:./core/tv_series_repository/lib/src/repositories/tv_series_repository_impl.dart
DA:15,1
DA:20,1
DA:23,2
DA:24,5
DA:25,1
DA:27,1
DA:32,1
DA:35,2
DA:36,5
DA:37,1
DA:39,1
DA:44,1
DA:47,2
DA:48,5
DA:49,1
DA:51,1
DA:56,1
DA:59,2
DA:60,2
DA:61,1
DA:63,1
DA:68,1
DA:72,2
DA:73,5
DA:74,1
DA:76,1
DA:81,1
DA:84,2
DA:85,5
DA:86,1
DA:88,1
DA:93,1
DA:95,2
DA:96,5
DA:99,1
DA:101,2
DA:105,1
DA:110,3
DA:111,1
DA:112,1
DA:113,3
DA:117,1
DA:121,3
DA:122,1
DA:123,1
DA:124,3
LF:46
LH:46
end_of_record
SF:./core/movie_domain/lib/src/entities/movie.dart
DA:4,9
DA:20,0
DA:25,0
DA:55,0
DA:56,0
DA:57,0
DA:58,0
DA:59,0
DA:60,0
DA:61,0
DA:62,0
DA:63,0
DA:64,0
DA:65,0
DA:66,0
DA:67,0
DA:68,0
DA:69,0
LF:18
LH:1
end_of_record
SF:./core/movie_domain/lib/src/entities/movie_detail.dart
DA:6,9
DA:34,0
DA:35,0
DA:36,0
DA:37,0
DA:38,0
DA:39,0
DA:40,0
DA:41,0
DA:42,0
DA:43,0
DA:44,0
DA:45,0
DA:46,0
LF:14
LH:1
end_of_record
SF:./core/movie_domain/lib/src/entities/genre.dart
DA:4,9
DA:12,0
DA:13,0
LF:3
LH:1
end_of_record
SF:./core/movie_domain/lib/src/usecases/get_movie_detail.dart
DA:10,1
DA:12,1
DA:13,2
LF:3
LH:3
end_of_record
SF:./core/movie_domain/lib/src/usecases/get_movie_recommendations.dart
DA:10,1
DA:12,1
DA:13,2
LF:3
LH:3
end_of_record
SF:./core/movie_domain/lib/src/usecases/get_now_playing_movies.dart
DA:10,1
DA:12,1
DA:13,2
LF:3
LH:3
end_of_record
SF:./core/movie_domain/lib/src/usecases/get_popular_movies.dart
DA:10,1
DA:12,1
DA:13,2
LF:3
LH:3
end_of_record
SF:./core/movie_domain/lib/src/usecases/get_top_rated_movies.dart
DA:10,1
DA:12,1
DA:13,2
LF:3
LH:3
end_of_record
SF:./core/movie_domain/lib/src/usecases/get_watchlist_movies.dart
DA:10,1
DA:12,1
DA:13,2
LF:3
LH:3
end_of_record
SF:./core/movie_domain/lib/src/usecases/get_watchlist_status.dart
DA:6,1
DA:8,1
DA:9,2
LF:3
LH:3
end_of_record
SF:./core/movie_domain/lib/src/usecases/remove_watchlist.dart
DA:10,1
DA:12,1
DA:13,2
LF:3
LH:3
end_of_record
SF:./core/movie_domain/lib/src/usecases/save_watchlist.dart
DA:10,1
DA:12,1
DA:13,2
LF:3
LH:3
end_of_record
SF:./core/movie_domain/lib/src/usecases/search_movies.dart
DA:10,1
DA:12,1
DA:13,2
LF:3
LH:3
end_of_record
SF:./core/tv_series_domain/lib/src/entities/genre.dart
DA:4,9
DA:12,0
DA:13,0
LF:3
LH:1
end_of_record
SF:./core/tv_series_domain/lib/src/entities/season.dart
DA:4,9
DA:22,0
DA:24,0
DA:25,0
DA:26,0
DA:27,0
DA:28,0
DA:29,0
DA:30,0
DA:31,0
LF:10
LH:1
end_of_record
SF:./core/tv_series_domain/lib/src/entities/tv_series.dart
DA:4,9
DA:20,0
DA:25,0
DA:55,0
DA:56,0
DA:57,0
DA:58,0
DA:59,0
DA:60,0
DA:61,0
DA:62,0
DA:63,0
DA:64,0
DA:65,0
DA:66,0
DA:67,0
DA:68,0
DA:69,0
LF:18
LH:1
end_of_record
SF:./core/tv_series_domain/lib/src/entities/tv_series_detail.dart
DA:7,9
DA:39,0
DA:40,0
DA:41,0
DA:42,0
DA:43,0
DA:44,0
DA:45,0
DA:46,0
DA:47,0
DA:48,0
DA:49,0
DA:50,0
DA:51,0
DA:52,0
DA:53,0
LF:16
LH:1
end_of_record
SF:./core/tv_series_domain/lib/src/usecase/get_detail_tv_series.dart
DA:10,1
DA:12,1
DA:13,2
LF:3
LH:3
end_of_record
SF:./core/tv_series_domain/lib/src/usecase/get_now_playing_tv_series.dart
DA:10,1
DA:12,1
DA:13,2
LF:3
LH:3
end_of_record
SF:./core/tv_series_domain/lib/src/usecase/get_popular_tv_series.dart
DA:10,1
DA:12,1
DA:13,2
LF:3
LH:3
end_of_record
SF:./core/tv_series_domain/lib/src/usecase/get_top_rated_tv_series.dart
DA:10,1
DA:12,1
DA:13,2
LF:3
LH:3
end_of_record
SF:./core/tv_series_domain/lib/src/usecase/get_tv_series_recommendations.dart
DA:10,1
DA:12,1
DA:13,2
LF:3
LH:3
end_of_record
SF:./core/tv_series_domain/lib/src/usecase/get_watchlist_status.dart
DA:6,1
DA:8,1
DA:9,2
LF:3
LH:3
end_of_record
SF:./core/tv_series_domain/lib/src/usecase/get_watchlist_tv_series.dart
DA:10,1
DA:12,1
DA:13,2
LF:3
LH:3
end_of_record
SF:./core/tv_series_domain/lib/src/usecase/remove_watchlist_tv_series.dart
DA:10,1
DA:12,1
DA:13,2
LF:3
LH:3
end_of_record
SF:./core/tv_series_domain/lib/src/usecase/save_watchlist_tv_series.dart
DA:10,1
DA:12,1
DA:13,2
LF:3
LH:3
end_of_record
SF:./core/tv_series_domain/lib/src/usecase/search_tv_series.dart
DA:10,1
DA:12,1
DA:13,2
LF:3
LH:3
end_of_record
SF:./core/movie_repository/lib/src/models/genre_model.dart
DA:4,4
DA:12,2
DA:13,1
DA:14,1
DA:17,4
DA:18,2
DA:19,2
DA:22,1
DA:23,3
LF:9
LH:9
end_of_record
SF:./core/movie_repository/lib/src/models/movie_detail_model.dart
DA:6,3
DA:52,1
DA:53,1
DA:54,1
DA:55,1
DA:56,1
DA:57,1
DA:58,4
DA:59,1
DA:60,1
DA:61,1
DA:62,1
DA:63,1
DA:64,1
DA:65,2
DA:66,1
DA:67,1
DA:68,1
DA:69,1
DA:70,1
DA:71,1
DA:72,1
DA:73,1
DA:74,2
DA:75,1
DA:78,2
DA:79,1
DA:80,1
DA:81,1
DA:82,5
DA:83,1
DA:84,1
DA:85,1
DA:86,1
DA:87,1
DA:88,1
DA:89,1
DA:90,1
DA:91,1
DA:92,1
DA:93,1
DA:94,1
DA:95,1
DA:96,1
DA:97,1
DA:98,1
DA:99,1
DA:102,1
DA:103,1
DA:104,1
DA:105,1
DA:106,1
DA:107,1
DA:108,1
DA:109,1
DA:110,1
DA:111,1
DA:112,1
DA:113,1
DA:114,1
DA:115,1
DA:116,1
DA:117,1
DA:118,1
DA:119,1
DA:120,1
DA:121,1
DA:122,1
DA:123,1
DA:124,1
LF:70
LH:70
end_of_record
SF:./core/movie_repository/lib/src/models/movie_model.dart
DA:4,5
DA:34,4
DA:35,2
DA:36,2
DA:37,8
DA:38,2
DA:39,2
DA:40,2
DA:41,4
DA:42,2
DA:43,2
DA:44,2
DA:45,2
DA:46,4
DA:47,2
DA:50,2
DA:51,1
DA:52,1
DA:53,4
DA:54,1
DA:55,1
DA:56,1
DA:57,1
DA:58,1
DA:59,1
DA:60,1
DA:61,1
DA:62,1
DA:63,1
DA:66,2
DA:67,2
DA:68,2
DA:69,2
DA:70,2
DA:71,2
DA:72,2
DA:73,2
DA:74,2
DA:75,2
DA:76,2
DA:77,2
DA:78,2
DA:79,2
DA:80,2
LF:44
LH:44
end_of_record
SF:./core/movie_repository/lib/src/models/movie_response.dart
DA:8,3
DA:10,4
DA:11,4
DA:12,6
DA:13,6
DA:16,2
DA:17,5
DA:20,1
DA:21,2
LF:9
LH:9
end_of_record
SF:./core/movie_repository/lib/src/mapper/entity_to_table.dart
DA:5,2
DA:6,1
DA:7,1
DA:8,1
DA:9,1
LF:5
LH:5
end_of_record
SF:./core/movie_repository/lib/src/mapper/table_to_entity.dart
DA:5,2
DA:6,1
DA:7,1
DA:8,1
DA:9,1
LF:5
LH:5
end_of_record
SF:./core/movie_repository/lib/src/mapper/model_to_entity.dart
DA:6,4
DA:7,2
DA:8,2
DA:9,2
DA:10,2
DA:11,2
DA:12,2
DA:13,2
DA:14,2
DA:15,2
DA:16,2
DA:17,2
DA:18,2
DA:19,2
DA:24,2
DA:25,1
DA:26,1
DA:27,5
DA:28,1
DA:29,1
DA:30,1
DA:31,1
DA:32,1
DA:33,1
DA:34,1
DA:35,1
DA:36,1
DA:41,2
DA:42,1
DA:43,1
LF:30
LH:30
end_of_record
SF:./core/movie_repository/lib/src/datasource/movie_local_data_source.dart
DA:14,1
DA:16,1
DA:19,2
DA:22,2
DA:26,1
DA:29,2
DA:32,2
DA:36,1
DA:38,2
DA:40,1
DA:46,1
DA:48,2
DA:49,4
LF:13
LH:13
end_of_record
SF:./core/movie_repository/lib/src/datasource/movie_remote_data_source.dart
DA:24,1
DA:29,1
DA:32,4
DA:34,2
DA:35,4
DA:37,1
DA:41,1
DA:43,4
DA:45,2
DA:46,3
DA:48,1
DA:52,1
DA:55,4
DA:57,2
DA:58,4
DA:60,1
DA:64,1
DA:66,4
DA:68,2
DA:69,4
DA:71,1
DA:75,1
DA:77,4
DA:79,2
DA:80,4
DA:82,1
DA:86,1
DA:88,4
DA:90,2
DA:91,4
DA:93,1
LF:31
LH:31
end_of_record
SF:./core/movie_repository/lib/src/repositories/movie_repository_impl.dart
DA:14,1
DA:19,1
DA:22,2
DA:23,5
DA:24,1
DA:26,1
DA:31,1
DA:34,2
DA:35,2
DA:36,1
DA:38,1
DA:43,1
DA:46,2
DA:47,3
DA:48,1
DA:50,1
DA:55,1
DA:58,2
DA:59,5
DA:60,1
DA:62,1
DA:67,1
DA:70,2
DA:71,5
DA:72,1
DA:74,1
DA:79,1
DA:82,2
DA:83,5
DA:84,1
DA:86,1
DA:91,1
DA:94,3
DA:95,1
DA:96,1
DA:97,3
DA:103,1
DA:106,3
DA:107,1
DA:108,1
DA:109,3
DA:113,1
DA:115,2
DA:119,1
DA:121,2
DA:122,5
LF:46
LH:46
end_of_record
SF:./features/tv_series_list/lib/src/cubit/popular_tv_series_state.dart
DA:4,13
DA:8,10
DA:10,1
DA:11,1
DA:17,3
DA:19,1
DA:20,2
DA:26,4
DA:28,1
DA:29,2
LF:10
LH:10
end_of_record
SF:./features/tv_series_list/lib/src/cubit/popular_tv_series_cubit.dart
DA:11,1
DA:13,1
DA:15,1
DA:16,2
DA:17,1
DA:18,1
DA:19,1
DA:20,2
DA:23,1
DA:24,1
DA:25,1
LF:11
LH:11
end_of_record
SF:./features/tv_series_list/lib/src/cubit/now_playing_tv_series_cubit.dart
DA:10,1
DA:12,1
DA:14,1
DA:15,2
DA:16,1
DA:17,1
DA:18,1
DA:19,2
DA:22,1
DA:23,1
DA:24,1
LF:11
LH:11
end_of_record
SF:./features/tv_series_list/lib/src/cubit/now_playing_tv_series_state.dart
DA:4,13
DA:8,10
DA:10,1
DA:11,1
DA:17,3
DA:19,1
DA:20,2
DA:26,4
DA:28,1
DA:29,2
LF:10
LH:10
end_of_record
SF:./features/tv_series_list/lib/src/cubit/top_rated_tv_series_state.dart
DA:4,13
DA:8,10
DA:10,1
DA:11,1
DA:17,3
DA:19,1
DA:20,2
DA:26,4
DA:28,1
DA:29,2
LF:10
LH:10
end_of_record
SF:./features/tv_series_list/lib/src/cubit/top_rated_tv_series_cubit.dart
DA:10,1
DA:12,1
DA:14,1
DA:15,2
DA:16,1
DA:17,1
DA:18,1
DA:19,2
DA:22,1
DA:23,1
DA:24,1
LF:11
LH:11
end_of_record
SF:./features/tv_series_list/lib/src/page/now_playing_tv_series_page.dart
DA:10,1
DA:12,1
DA:13,1
DA:17,1
DA:19,1
DA:20,1
DA:23,1
DA:25,1
DA:26,1
DA:27,1
DA:28,2
DA:29,1
DA:30,2
LF:13
LH:13
end_of_record
SF:./features/tv_series_list/lib/src/page/popular_tv_series_page.dart
DA:10,1
DA:12,1
DA:13,1
DA:17,1
DA:19,1
DA:20,1
DA:23,1
DA:25,1
DA:26,1
DA:27,1
DA:29,1
DA:30,2
DA:31,1
DA:32,2
LF:14
LH:14
end_of_record
SF:./features/tv_series_list/lib/src/page/top_reated_tv_series_page.dart
DA:10,1
DA:12,1
DA:13,1
DA:17,1
DA:19,1
DA:20,1
DA:23,1
DA:25,1
DA:26,1
DA:27,1
DA:28,2
DA:29,1
DA:30,2
LF:13
LH:13
end_of_record
SF:./features/tv_series_list/lib/src/page/tv_series_list_page.dart
DA:16,1
DA:18,1
DA:19,1
DA:23,1
DA:24,2
DA:25,1
DA:26,2
DA:27,1
DA:28,2
DA:30,1
DA:32,1
DA:33,2
DA:34,2
DA:35,2
DA:38,1
DA:40,1
DA:41,1
DA:43,1
DA:44,1
DA:46,1
DA:47,1
DA:49,0
DA:50,0
DA:54,1
DA:55,1
DA:56,1
DA:57,2
DA:58,1
DA:59,2
DA:65,1
DA:67,0
DA:68,0
DA:71,1
DA:72,1
DA:73,1
DA:74,2
DA:75,1
DA:76,1
DA:77,1
DA:84,1
DA:86,0
DA:87,0
DA:90,1
DA:91,1
DA:92,1
DA:93,2
DA:94,1
DA:95,2
DA:112,1
DA:115,1
DA:117,1
DA:119,1
DA:121,1
DA:123,2
DA:124,1
DA:125,2
DA:126,1
DA:128,1
DA:129,1
DA:130,0
DA:131,0
DA:134,0
LF:62
LH:53
end_of_record
SF:./features/movie_detail/lib/src/cubit/movie_detail_state.dart
DA:9,7
DA:16,1
DA:22,1
DA:23,1
DA:24,1
DA:25,1
DA:26,1
DA:30,1
DA:31,1
DA:32,1
DA:33,1
DA:34,1
DA:35,1
DA:40,3
DA:46,3
DA:48,1
DA:49,2
DA:55,3
DA:57,1
DA:58,2
LF:20
LH:20
end_of_record
SF:./features/movie_detail/lib/src/cubit/movie_detail_cubit.dart
DA:13,1
DA:18,1
DA:20,1
DA:21,1
DA:22,2
DA:23,1
DA:24,1
DA:25,1
DA:26,3
DA:29,1
DA:30,1
DA:31,2
DA:37,1
DA:38,2
DA:39,1
DA:40,2
DA:44,1
DA:45,2
DA:46,1
DA:47,1
DA:48,3
DA:49,2
DA:52,1
DA:53,3
DA:54,1
DA:59,2
DA:62,1
DA:63,2
DA:64,1
DA:65,1
DA:66,3
DA:67,2
DA:70,1
DA:71,3
DA:72,1
DA:77,2
LF:36
LH:36
end_of_record
SF:./features/movie_detail/lib/src/cubit/movie_recommendations_state.dart
DA:4,7
DA:8,5
DA:10,1
DA:11,1
DA:17,2
DA:21,1
DA:22,2
DA:28,3
DA:32,1
DA:33,2
LF:10
LH:10
end_of_record
SF:./features/movie_detail/lib/src/cubit/movie_recommendations_cubit.dart
DA:11,1
DA:13,1
DA:15,1
DA:16,2
DA:17,1
DA:18,1
DA:19,1
DA:20,2
DA:23,1
DA:24,1
DA:25,1
LF:11
LH:11
end_of_record
SF:./features/movie_detail/lib/src/page/movie_detail_page.dart
DA:15,1
DA:17,1
DA:18,1
DA:22,3
DA:23,1
DA:24,2
DA:26,1
DA:28,1
DA:29,1
DA:30,3
DA:31,3
DA:34,1
DA:36,1
DA:37,1
DA:38,1
DA:39,1
DA:41,1
DA:42,1
DA:43,1
DA:44,1
DA:45,3
DA:47,1
DA:48,1
DA:50,1
DA:51,1
DA:52,2
DA:59,1
DA:60,1
DA:61,1
DA:62,3
DA:63,1
DA:65,1
DA:66,1
DA:68,1
DA:69,1
DA:70,1
DA:87,1
DA:92,1
DA:94,1
DA:96,3
DA:97,1
DA:98,1
DA:99,1
DA:100,3
DA:102,1
DA:105,0
DA:107,1
DA:109,1
DA:110,1
DA:111,1
DA:121,1
DA:122,1
DA:123,1
DA:125,1
DA:127,1
DA:129,1
DA:130,1
DA:131,2
DA:132,1
DA:134,1
DA:135,1
DA:136,1
DA:137,3
DA:139,3
DA:142,1
DA:144,1
DA:145,3
DA:152,1
DA:153,3
DA:155,1
DA:156,3
DA:158,1
DA:159,1
DA:160,1
DA:161,3
DA:163,1
DA:169,4
DA:173,1
DA:175,1
DA:177,1
DA:178,2
DA:181,1
DA:183,1
DA:185,1
DA:190,1
DA:192,1
DA:207,1
DA:209,1
DA:212,1
DA:214,0
DA:215,0
DA:224,1
DA:226,2
DA:227,3
DA:230,1
DA:234,3
DA:237,1
DA:238,1
DA:239,1
DA:241,1
DA:242,1
DA:244,0
DA:250,1
DA:252,1
DA:253,1
DA:254,1
DA:255,1
DA:256,1
DA:259,1
DA:260,1
DA:261,1
DA:263,1
DA:265,1
DA:266,1
DA:267,1
DA:268,1
DA:270,1
DA:271,1
DA:272,0
DA:273,0
DA:276,0
LF:121
LH:114
end_of_record
SF:./features/movie_list/lib/src/cubit/popular_movie_state.dart
DA:4,12
DA:8,9
DA:10,1
DA:11,1
DA:17,3
DA:21,1
DA:22,2
DA:28,4
DA:32,1
DA:33,2
LF:10
LH:10
end_of_record
SF:./features/movie_list/lib/src/cubit/popular_movie_cubit.dart
DA:10,1
DA:12,1
DA:14,1
DA:15,2
DA:16,1
DA:17,1
DA:18,1
DA:19,2
DA:22,1
DA:23,1
DA:24,1
LF:11
LH:11
end_of_record
SF:./features/movie_list/lib/src/cubit/now_playing_movie_state.dart
DA:4,10
DA:8,8
DA:10,1
DA:11,1
DA:17,2
DA:21,1
DA:22,2
DA:28,3
DA:32,1
DA:33,2
LF:10
LH:10
end_of_record
SF:./features/movie_list/lib/src/cubit/now_playing_movie_cubit.dart
DA:10,1
DA:12,1
DA:14,1
DA:15,2
DA:16,1
DA:17,1
DA:18,1
DA:19,2
DA:22,1
DA:23,1
DA:24,1
LF:11
LH:11
end_of_record
SF:./features/movie_list/lib/src/cubit/top_rated_movie_state.dart
DA:4,12
DA:8,9
DA:10,1
DA:11,1
DA:17,3
DA:21,1
DA:22,2
DA:28,4
DA:32,1
DA:33,2
LF:10
LH:10
end_of_record
SF:./features/movie_list/lib/src/cubit/top_rated_movie_cubit.dart
DA:10,1
DA:12,1
DA:14,1
DA:15,2
DA:16,1
DA:17,1
DA:18,1
DA:19,2
DA:22,1
DA:23,1
DA:24,1
LF:11
LH:11
end_of_record
SF:./features/movie_list/lib/src/page/movie_list_page.dart
DA:14,1
DA:16,1
DA:17,1
DA:21,1
DA:22,2
DA:23,3
DA:24,3
DA:26,1
DA:28,1
DA:29,2
DA:30,2
DA:31,2
DA:34,1
DA:36,1
DA:37,1
DA:39,1
DA:40,1
DA:42,1
DA:43,1
DA:45,1
DA:47,1
DA:48,1
DA:49,1
DA:50,2
DA:51,1
DA:52,2
DA:58,1
DA:60,0
DA:61,0
DA:64,1
DA:65,1
DA:66,1
DA:67,2
DA:68,1
DA:69,2
DA:75,1
DA:77,0
DA:78,0
DA:81,1
DA:82,1
DA:83,1
DA:84,2
DA:85,1
DA:86,2
DA:103,1
DA:106,1
DA:108,1
DA:110,1
DA:112,1
DA:114,1
DA:115,2
DA:116,1
DA:118,1
DA:119,1
DA:120,0
DA:121,0
DA:124,0
DA:130,2
LF:58
LH:51
end_of_record
SF:./features/movie_list/lib/src/page/popular_movies_page.dart
DA:10,1
DA:12,1
DA:13,1
DA:17,1
DA:19,1
DA:20,1
DA:23,1
DA:25,1
DA:26,1
DA:27,1
DA:28,2
DA:29,1
DA:30,2
LF:13
LH:13
end_of_record
SF:./features/movie_list/lib/src/page/top_rated_movies_page.dart
DA:10,1
DA:12,1
DA:13,1
DA:17,1
DA:19,1
DA:20,1
DA:23,1
DA:25,1
DA:26,1
DA:27,1
DA:28,2
DA:29,1
DA:30,2
LF:13
LH:13
end_of_record
SF:./features/search/lib/src/bloc/search_movie_event.dart
DA:4,2
DA:6,0
DA:7,0
DA:13,2
DA:17,0
DA:18,0
LF:6
LH:2
end_of_record
SF:./features/search/lib/src/bloc/search_movie_bloc.dart
DA:13,1
DA:15,1
DA:16,1
DA:17,1
DA:18,1
DA:19,1
DA:23,2
DA:24,1
DA:25,1
DA:26,1
DA:27,2
DA:30,1
DA:31,1
DA:32,1
DA:33,1
DA:36,1
DA:43,1
DA:44,1
DA:47,1
DA:48,1
LF:20
LH:20
end_of_record
SF:./features/search/lib/src/bloc/search_movie_state.dart
DA:4,7
DA:8,4
DA:10,1
DA:11,1
DA:15,5
DA:17,1
DA:18,1
DA:24,2
DA:28,1
DA:29,2
DA:33,5
DA:35,1
DA:36,1
DA:42,3
DA:46,1
DA:47,2
LF:16
LH:16
end_of_record
SF:./features/search/lib/src/bloc/search_tv_series_state.dart
DA:4,7
DA:8,4
DA:10,1
DA:11,1
DA:15,5
DA:17,1
DA:18,1
DA:24,2
DA:28,1
DA:29,2
DA:33,5
DA:35,1
DA:36,1
DA:42,3
DA:46,1
DA:47,2
LF:16
LH:16
end_of_record
SF:./features/search/lib/src/bloc/search_tv_series_event.dart
DA:4,2
DA:6,0
DA:7,0
DA:13,2
DA:17,0
DA:18,0
LF:6
LH:2
end_of_record
SF:./features/search/lib/src/bloc/search_tv_series_bloc.dart
DA:14,1
DA:16,1
DA:17,1
DA:18,1
DA:19,1
DA:20,1
DA:24,2
DA:25,1
DA:26,1
DA:27,1
DA:28,2
DA:31,1
DA:32,1
DA:33,1
DA:34,1
DA:37,1
DA:44,1
DA:45,1
DA:49,1
DA:50,1
LF:20
LH:20
end_of_record
SF:./features/search/lib/src/page/search_page.dart
DA:12,1
DA:14,1
DA:15,1
DA:21,3
DA:22,1
DA:23,2
DA:27,1
DA:29,1
DA:30,3
DA:31,2
DA:32,3
DA:34,2
DA:35,3
DA:40,1
DA:42,1
DA:43,1
DA:46,1
DA:48,1
DA:50,1
DA:51,1
DA:53,1
DA:62,1
DA:64,1
DA:66,1
DA:68,1
DA:69,1
DA:72,2
DA:73,1
DA:74,2
DA:75,1
DA:79,1
DA:82,2
DA:83,1
DA:84,2
DA:85,1
DA:91,1
DA:92,2
DA:104,3
DA:106,1
DA:108,1
DA:109,1
DA:110,1
DA:112,1
DA:113,2
DA:114,1
DA:116,1
DA:117,2
DA:119,0
DA:127,3
DA:129,1
DA:131,1
DA:132,1
DA:133,1
DA:135,1
DA:136,2
DA:137,1
DA:139,1
DA:140,2
DA:142,0
LF:59
LH:57
end_of_record
SF:./features/tv_series_detail/lib/src/cubit/tv_series_detail_cubit.dart
DA:13,1
DA:18,1
DA:20,1
DA:21,1
DA:22,2
DA:23,1
DA:24,1
DA:25,1
DA:26,3
DA:29,1
DA:30,1
DA:31,2
DA:37,1
DA:38,2
DA:39,1
DA:40,2
DA:44,1
DA:45,2
DA:46,1
DA:47,1
DA:48,1
DA:49,2
DA:50,2
DA:53,1
DA:54,1
DA:55,2
DA:56,1
DA:61,2
DA:64,1
DA:65,2
DA:66,1
DA:67,1
DA:68,1
DA:69,2
DA:70,2
DA:73,1
DA:74,1
DA:75,2
DA:76,1
DA:81,2
LF:40
LH:40
end_of_record
SF:./features/tv_series_detail/lib/src/cubit/tv_series_detail_state.dart
DA:9,6
DA:16,1
DA:22,1
DA:23,1
DA:24,1
DA:25,1
DA:26,1
DA:30,1
DA:31,1
DA:32,1
DA:33,1
DA:34,1
DA:35,1
DA:40,3
DA:46,3
DA:48,1
DA:49,2
DA:55,3
DA:57,1
DA:58,2
LF:20
LH:20
end_of_record
SF:./features/tv_series_detail/lib/src/cubit/tv_series_recommendations_state.dart
DA:4,7
DA:8,5
DA:10,1
DA:11,1
DA:17,2
DA:21,1
DA:22,2
DA:28,3
DA:32,1
DA:33,2
LF:10
LH:10
end_of_record
SF:./features/tv_series_detail/lib/src/cubit/tv_series_recommendations_cubit.dart
DA:10,1
DA:12,1
DA:14,1
DA:15,2
DA:16,1
DA:17,1
DA:18,1
DA:19,2
DA:22,1
DA:23,1
DA:24,1
LF:11
LH:11
end_of_record
SF:./features/tv_series_detail/lib/src/page/tv_series_detail_page.dart
DA:16,1
DA:18,1
DA:19,1
DA:23,3
DA:24,1
DA:25,2
DA:27,1
DA:29,1
DA:30,1
DA:31,3
DA:32,3
DA:35,1
DA:37,1
DA:38,1
DA:39,1
DA:40,1
DA:42,1
DA:43,1
DA:44,1
DA:45,2
DA:46,2
DA:48,1
DA:49,1
DA:51,1
DA:52,1
DA:53,2
DA:60,1
DA:61,1
DA:62,1
DA:63,3
DA:64,1
DA:65,1
DA:67,1
DA:69,1
DA:70,1
DA:71,1
DA:88,1
DA:93,1
DA:95,1
DA:97,3
DA:98,1
DA:99,1
DA:100,1
DA:101,3
DA:103,1
DA:106,0
DA:108,1
DA:110,1
DA:111,1
DA:112,1
DA:122,1
DA:123,1
DA:124,1
DA:126,1
DA:128,1
DA:130,1
DA:131,1
DA:132,2
DA:133,1
DA:135,1
DA:136,1
DA:137,1
DA:138,3
DA:140,3
DA:143,1
DA:145,1
DA:146,1
DA:153,1
DA:154,3
DA:156,1
DA:157,1
DA:158,1
DA:159,3
DA:161,1
DA:167,4
DA:171,1
DA:173,1
DA:175,1
DA:176,2
DA:181,1
DA:183,1
DA:185,3
DA:187,1
DA:189,1
DA:191,1
DA:196,1
DA:198,1
DA:213,1
DA:215,1
DA:218,1
DA:220,0
DA:221,0
DA:230,1
DA:232,2
DA:233,3
DA:236,1
DA:240,3
DA:247,1
DA:250,1
DA:252,1
DA:254,1
DA:256,1
DA:258,2
DA:259,1
DA:260,2
DA:261,1
DA:263,1
DA:265,1
DA:266,1
DA:269,1
DA:271,1
DA:273,2
DA:274,1
DA:277,0
DA:283,1
DA:284,1
DA:285,1
DA:289,1
DA:290,2
DA:291,1
DA:305,1
DA:307,1
DA:309,1
DA:310,1
DA:311,1
DA:312,1
DA:315,1
DA:316,1
DA:317,1
DA:319,1
DA:321,1
DA:322,1
DA:323,1
DA:324,1
DA:326,1
DA:327,1
DA:328,0
DA:329,0
DA:332,0
LF:139
LH:132
end_of_record
SF:./features/watchlist/lib/src/cubit/watchlist_movie_state.dart
DA:4,7
DA:8,5
DA:10,1
DA:11,1
DA:17,2
DA:21,1
DA:22,2
DA:28,3
DA:32,1
DA:33,2
LF:10
LH:10
end_of_record
SF:./features/watchlist/lib/src/cubit/watchlist_movie_cubit.dart
DA:10,1
DA:12,1
DA:14,1
DA:15,2
DA:16,1
DA:17,1
DA:18,1
DA:19,2
DA:22,1
DA:23,1
DA:24,1
LF:11
LH:11
end_of_record
SF:./features/watchlist/lib/src/cubit/watchlist_tv_series_cubit.dart
DA:10,1
DA:12,1
DA:14,1
DA:15,2
DA:16,1
DA:17,1
DA:18,1
DA:19,2
DA:22,1
DA:23,1
DA:24,1
LF:11
LH:11
end_of_record
SF:./features/watchlist/lib/src/cubit/watchlist_tv_series_state.dart
DA:4,7
DA:8,5
DA:10,1
DA:11,1
DA:17,2
DA:21,1
DA:22,2
DA:28,3
DA:32,1
DA:33,2
LF:10
LH:10
end_of_record
SF:./features/watchlist/lib/src/page/watchlist_page.dart
DA:12,1
DA:14,1
DA:15,1
DA:19,1
DA:20,2
DA:21,1
DA:22,2
DA:25,1
DA:27,1
DA:28,2
DA:29,2
DA:32,1
DA:34,1
DA:35,4
DA:38,0
DA:40,0
DA:41,0
DA:44,1
DA:46,1
DA:47,1
DA:50,1
DA:52,1
DA:54,1
DA:55,1
DA:57,1
DA:58,1
DA:61,2
DA:62,1
DA:63,2
DA:64,1
DA:68,1
DA:71,2
DA:72,1
DA:73,2
DA:74,1
DA:81,1
DA:82,2
DA:92,1
DA:94,2
DA:95,1
DA:100,3
DA:102,1
DA:104,1
DA:105,1
DA:106,1
DA:107,1
DA:109,1
DA:111,1
DA:112,2
DA:122,3
DA:124,1
DA:126,1
DA:127,1
DA:128,1
DA:129,1
DA:131,1
DA:133,1
DA:134,2
LF:58
LH:55
end_of_record
